2019-08-25 11:23:30,078 INFO 42417 [Timer] /Users/icourt/Documents/project/fuko/fake_meid_recognition_node/node_modules/egg-multipart/app/schedule/clean_tmpdir.js next time will execute after 61589926ms at 2019-08-26 04:30:00.004
2019-08-25 11:23:30,078 INFO 42417 [Timer] /Users/icourt/Documents/project/fuko/fake_meid_recognition_node/node_modules/egg-logrotator/app/schedule/clean_log.js next time will execute after 45389922ms at 2019-08-26 00:00:00.000
2019-08-25 11:23:30,079 INFO 42417 [Timer] /Users/icourt/Documents/project/fuko/fake_meid_recognition_node/node_modules/egg-logrotator/app/schedule/rotate_by_file.js next time will execute after 45390922ms at 2019-08-26 00:00:01.000
2019-08-25 11:23:29,944 INFO 42419 [egg-schedule]: register schedule /Users/icourt/Documents/project/fuko/fake_meid_recognition_node/node_modules/egg-multipart/app/schedule/clean_tmpdir.js
2019-08-25 11:23:29,944 INFO 42419 [egg-schedule]: register schedule /Users/icourt/Documents/project/fuko/fake_meid_recognition_node/node_modules/egg-logrotator/app/schedule/clean_log.js
2019-08-25 11:23:29,944 INFO 42419 [egg-schedule]: register schedule /Users/icourt/Documents/project/fuko/fake_meid_recognition_node/node_modules/egg-logrotator/app/schedule/rotate_by_file.js
2019-08-25 11:27:29,146 INFO 42480 [egg-schedule]: register schedule /Users/icourt/Documents/project/fuko/fake_meid_recognition_node/node_modules/egg-multipart/app/schedule/clean_tmpdir.js
2019-08-25 11:27:29,146 INFO 42480 [egg-schedule]: register schedule /Users/icourt/Documents/project/fuko/fake_meid_recognition_node/node_modules/egg-logrotator/app/schedule/clean_log.js
2019-08-25 11:27:29,146 INFO 42480 [egg-schedule]: register schedule /Users/icourt/Documents/project/fuko/fake_meid_recognition_node/node_modules/egg-logrotator/app/schedule/rotate_by_file.js
2019-08-25 11:40:16,599 INFO 42827 [egg-schedule]: register schedule /Users/icourt/Documents/project/fuko/fake_meid_recognition_node/node_modules/egg-multipart/app/schedule/clean_tmpdir.js
2019-08-25 11:40:16,599 INFO 42827 [egg-schedule]: register schedule /Users/icourt/Documents/project/fuko/fake_meid_recognition_node/node_modules/egg-logrotator/app/schedule/clean_log.js
2019-08-25 11:40:16,599 INFO 42827 [egg-schedule]: register schedule /Users/icourt/Documents/project/fuko/fake_meid_recognition_node/node_modules/egg-logrotator/app/schedule/rotate_by_file.js
2019-08-25 11:40:21,871 INFO 42834 [egg-schedule]: register schedule /Users/icourt/Documents/project/fuko/fake_meid_recognition_node/node_modules/egg-multipart/app/schedule/clean_tmpdir.js
2019-08-25 11:40:21,871 INFO 42834 [egg-schedule]: register schedule /Users/icourt/Documents/project/fuko/fake_meid_recognition_node/node_modules/egg-logrotator/app/schedule/clean_log.js
2019-08-25 11:40:21,871 INFO 42834 [egg-schedule]: register schedule /Users/icourt/Documents/project/fuko/fake_meid_recognition_node/node_modules/egg-logrotator/app/schedule/rotate_by_file.js
2019-08-25 11:42:25,670 INFO 42843 [egg-schedule]: register schedule /Users/icourt/Documents/project/fuko/fake_meid_recognition_node/node_modules/egg-multipart/app/schedule/clean_tmpdir.js
2019-08-25 11:42:25,670 INFO 42843 [egg-schedule]: register schedule /Users/icourt/Documents/project/fuko/fake_meid_recognition_node/node_modules/egg-logrotator/app/schedule/clean_log.js
2019-08-25 11:42:25,670 INFO 42843 [egg-schedule]: register schedule /Users/icourt/Documents/project/fuko/fake_meid_recognition_node/node_modules/egg-logrotator/app/schedule/rotate_by_file.js
2019-08-25 11:44:31,993 INFO 42851 [egg-schedule]: register schedule /Users/icourt/Documents/project/fuko/fake_meid_recognition_node/node_modules/egg-multipart/app/schedule/clean_tmpdir.js
2019-08-25 11:44:31,993 INFO 42851 [egg-schedule]: register schedule /Users/icourt/Documents/project/fuko/fake_meid_recognition_node/node_modules/egg-logrotator/app/schedule/clean_log.js
2019-08-25 11:44:31,993 INFO 42851 [egg-schedule]: register schedule /Users/icourt/Documents/project/fuko/fake_meid_recognition_node/node_modules/egg-logrotator/app/schedule/rotate_by_file.js
2019-08-25 11:44:41,972 INFO 42861 [egg-schedule]: register schedule /Users/icourt/Documents/project/fuko/fake_meid_recognition_node/node_modules/egg-multipart/app/schedule/clean_tmpdir.js
2019-08-25 11:44:41,972 INFO 42861 [egg-schedule]: register schedule /Users/icourt/Documents/project/fuko/fake_meid_recognition_node/node_modules/egg-logrotator/app/schedule/clean_log.js
2019-08-25 11:44:41,972 INFO 42861 [egg-schedule]: register schedule /Users/icourt/Documents/project/fuko/fake_meid_recognition_node/node_modules/egg-logrotator/app/schedule/rotate_by_file.js
2019-08-25 11:45:17,781 INFO 42866 [egg-schedule]: register schedule /Users/icourt/Documents/project/fuko/fake_meid_recognition_node/node_modules/egg-multipart/app/schedule/clean_tmpdir.js
2019-08-25 11:45:17,781 INFO 42866 [egg-schedule]: register schedule /Users/icourt/Documents/project/fuko/fake_meid_recognition_node/node_modules/egg-logrotator/app/schedule/clean_log.js
2019-08-25 11:45:17,781 INFO 42866 [egg-schedule]: register schedule /Users/icourt/Documents/project/fuko/fake_meid_recognition_node/node_modules/egg-logrotator/app/schedule/rotate_by_file.js
2019-08-25 11:45:44,865 INFO 42879 [egg-schedule]: register schedule /Users/icourt/Documents/project/fuko/fake_meid_recognition_node/node_modules/egg-multipart/app/schedule/clean_tmpdir.js
2019-08-25 11:45:44,865 INFO 42879 [egg-schedule]: register schedule /Users/icourt/Documents/project/fuko/fake_meid_recognition_node/node_modules/egg-logrotator/app/schedule/clean_log.js
2019-08-25 11:45:44,865 INFO 42879 [egg-schedule]: register schedule /Users/icourt/Documents/project/fuko/fake_meid_recognition_node/node_modules/egg-logrotator/app/schedule/rotate_by_file.js
2019-08-25 11:48:15,585 INFO 42956 [egg-schedule]: register schedule /Users/icourt/Documents/project/fuko/fake_meid_recognition_node/node_modules/egg-multipart/app/schedule/clean_tmpdir.js
2019-08-25 11:48:15,585 INFO 42956 [egg-schedule]: register schedule /Users/icourt/Documents/project/fuko/fake_meid_recognition_node/node_modules/egg-logrotator/app/schedule/clean_log.js
2019-08-25 11:48:15,585 INFO 42956 [egg-schedule]: register schedule /Users/icourt/Documents/project/fuko/fake_meid_recognition_node/node_modules/egg-logrotator/app/schedule/rotate_by_file.js
2019-08-25 11:48:15,686 INFO 42955 [Timer] /Users/icourt/Documents/project/fuko/fake_meid_recognition_node/node_modules/egg-multipart/app/schedule/clean_tmpdir.js next time will execute after 60104317ms at 2019-08-26 04:30:00.003
2019-08-25 11:48:15,686 INFO 42955 [Timer] /Users/icourt/Documents/project/fuko/fake_meid_recognition_node/node_modules/egg-logrotator/app/schedule/clean_log.js next time will execute after 43904314ms at 2019-08-26 00:00:00.000
2019-08-25 11:48:15,687 INFO 42955 [Timer] /Users/icourt/Documents/project/fuko/fake_meid_recognition_node/node_modules/egg-logrotator/app/schedule/rotate_by_file.js next time will execute after 43905314ms at 2019-08-26 00:00:01.001
2019-08-25 11:50:15,190 INFO 42978 [egg-schedule]: register schedule /Users/icourt/Documents/project/fuko/fake_meid_recognition_node/node_modules/egg-multipart/app/schedule/clean_tmpdir.js
2019-08-25 11:50:15,190 INFO 42978 [egg-schedule]: register schedule /Users/icourt/Documents/project/fuko/fake_meid_recognition_node/node_modules/egg-logrotator/app/schedule/clean_log.js
2019-08-25 11:50:15,190 INFO 42978 [egg-schedule]: register schedule /Users/icourt/Documents/project/fuko/fake_meid_recognition_node/node_modules/egg-logrotator/app/schedule/rotate_by_file.js
2019-08-25 11:50:35,007 INFO 42980 [egg-schedule]: register schedule /Users/icourt/Documents/project/fuko/fake_meid_recognition_node/node_modules/egg-multipart/app/schedule/clean_tmpdir.js
2019-08-25 11:50:35,007 INFO 42980 [egg-schedule]: register schedule /Users/icourt/Documents/project/fuko/fake_meid_recognition_node/node_modules/egg-logrotator/app/schedule/clean_log.js
2019-08-25 11:50:35,007 INFO 42980 [egg-schedule]: register schedule /Users/icourt/Documents/project/fuko/fake_meid_recognition_node/node_modules/egg-logrotator/app/schedule/rotate_by_file.js
2019-08-25 11:51:04,423 INFO 42982 [egg-schedule]: register schedule /Users/icourt/Documents/project/fuko/fake_meid_recognition_node/node_modules/egg-multipart/app/schedule/clean_tmpdir.js
2019-08-25 11:51:04,423 INFO 42982 [egg-schedule]: register schedule /Users/icourt/Documents/project/fuko/fake_meid_recognition_node/node_modules/egg-logrotator/app/schedule/clean_log.js
2019-08-25 11:51:04,423 INFO 42982 [egg-schedule]: register schedule /Users/icourt/Documents/project/fuko/fake_meid_recognition_node/node_modules/egg-logrotator/app/schedule/rotate_by_file.js
2019-08-25 11:55:12,037 INFO 43042 [egg-schedule]: register schedule /Users/icourt/Documents/project/fuko/fake_meid_recognition_node/node_modules/egg-multipart/app/schedule/clean_tmpdir.js
2019-08-25 11:55:12,037 INFO 43042 [egg-schedule]: register schedule /Users/icourt/Documents/project/fuko/fake_meid_recognition_node/node_modules/egg-logrotator/app/schedule/clean_log.js
2019-08-25 11:55:12,037 INFO 43042 [egg-schedule]: register schedule /Users/icourt/Documents/project/fuko/fake_meid_recognition_node/node_modules/egg-logrotator/app/schedule/rotate_by_file.js
2019-08-25 11:56:00,852 INFO 43044 [egg-schedule]: register schedule /Users/icourt/Documents/project/fuko/fake_meid_recognition_node/node_modules/egg-multipart/app/schedule/clean_tmpdir.js
2019-08-25 11:56:00,852 INFO 43044 [egg-schedule]: register schedule /Users/icourt/Documents/project/fuko/fake_meid_recognition_node/node_modules/egg-logrotator/app/schedule/clean_log.js
2019-08-25 11:56:00,852 INFO 43044 [egg-schedule]: register schedule /Users/icourt/Documents/project/fuko/fake_meid_recognition_node/node_modules/egg-logrotator/app/schedule/rotate_by_file.js
2019-08-25 11:56:37,787 INFO 43354 [egg-schedule]: register schedule /Users/icourt/Documents/project/fuko/fake_meid_recognition_node/node_modules/egg-multipart/app/schedule/clean_tmpdir.js
2019-08-25 11:56:37,788 INFO 43354 [egg-schedule]: register schedule /Users/icourt/Documents/project/fuko/fake_meid_recognition_node/node_modules/egg-logrotator/app/schedule/clean_log.js
2019-08-25 11:56:37,788 INFO 43354 [egg-schedule]: register schedule /Users/icourt/Documents/project/fuko/fake_meid_recognition_node/node_modules/egg-logrotator/app/schedule/rotate_by_file.js
2019-08-25 11:58:50,023 INFO 43361 [egg-schedule]: register schedule /Users/icourt/Documents/project/fuko/fake_meid_recognition_node/node_modules/egg-multipart/app/schedule/clean_tmpdir.js
2019-08-25 11:58:50,023 INFO 43361 [egg-schedule]: register schedule /Users/icourt/Documents/project/fuko/fake_meid_recognition_node/node_modules/egg-logrotator/app/schedule/clean_log.js
2019-08-25 11:58:50,023 INFO 43361 [egg-schedule]: register schedule /Users/icourt/Documents/project/fuko/fake_meid_recognition_node/node_modules/egg-logrotator/app/schedule/rotate_by_file.js
2019-08-25 12:00:59,112 INFO 43424 [egg-schedule]: register schedule /Users/icourt/Documents/project/fuko/fake_meid_recognition_node/node_modules/egg-multipart/app/schedule/clean_tmpdir.js
2019-08-25 12:00:59,112 INFO 43424 [egg-schedule]: register schedule /Users/icourt/Documents/project/fuko/fake_meid_recognition_node/node_modules/egg-logrotator/app/schedule/clean_log.js
2019-08-25 12:00:59,112 INFO 43424 [egg-schedule]: register schedule /Users/icourt/Documents/project/fuko/fake_meid_recognition_node/node_modules/egg-logrotator/app/schedule/rotate_by_file.js
2019-08-25 12:01:30,184 INFO 43435 [egg-schedule]: register schedule /Users/icourt/Documents/project/fuko/fake_meid_recognition_node/node_modules/egg-multipart/app/schedule/clean_tmpdir.js
2019-08-25 12:01:30,184 INFO 43435 [egg-schedule]: register schedule /Users/icourt/Documents/project/fuko/fake_meid_recognition_node/node_modules/egg-logrotator/app/schedule/clean_log.js
2019-08-25 12:01:30,184 INFO 43435 [egg-schedule]: register schedule /Users/icourt/Documents/project/fuko/fake_meid_recognition_node/node_modules/egg-logrotator/app/schedule/rotate_by_file.js
2019-08-25 12:02:03,010 INFO 43444 [egg-schedule]: register schedule /Users/icourt/Documents/project/fuko/fake_meid_recognition_node/node_modules/egg-multipart/app/schedule/clean_tmpdir.js
2019-08-25 12:02:03,010 INFO 43444 [egg-schedule]: register schedule /Users/icourt/Documents/project/fuko/fake_meid_recognition_node/node_modules/egg-logrotator/app/schedule/clean_log.js
2019-08-25 12:02:03,010 INFO 43444 [egg-schedule]: register schedule /Users/icourt/Documents/project/fuko/fake_meid_recognition_node/node_modules/egg-logrotator/app/schedule/rotate_by_file.js
2019-08-25 12:02:33,503 INFO 43445 [egg-schedule]: register schedule /Users/icourt/Documents/project/fuko/fake_meid_recognition_node/node_modules/egg-multipart/app/schedule/clean_tmpdir.js
2019-08-25 12:02:33,504 INFO 43445 [egg-schedule]: register schedule /Users/icourt/Documents/project/fuko/fake_meid_recognition_node/node_modules/egg-logrotator/app/schedule/clean_log.js
2019-08-25 12:02:33,504 INFO 43445 [egg-schedule]: register schedule /Users/icourt/Documents/project/fuko/fake_meid_recognition_node/node_modules/egg-logrotator/app/schedule/rotate_by_file.js
2019-08-25 12:02:55,206 INFO 43446 [egg-schedule]: register schedule /Users/icourt/Documents/project/fuko/fake_meid_recognition_node/node_modules/egg-multipart/app/schedule/clean_tmpdir.js
2019-08-25 12:02:55,206 INFO 43446 [egg-schedule]: register schedule /Users/icourt/Documents/project/fuko/fake_meid_recognition_node/node_modules/egg-logrotator/app/schedule/clean_log.js
2019-08-25 12:02:55,206 INFO 43446 [egg-schedule]: register schedule /Users/icourt/Documents/project/fuko/fake_meid_recognition_node/node_modules/egg-logrotator/app/schedule/rotate_by_file.js
2019-08-25 12:04:31,023 INFO 43466 [egg-schedule]: register schedule /Users/icourt/Documents/project/fuko/fake_meid_recognition_node/node_modules/egg-multipart/app/schedule/clean_tmpdir.js
2019-08-25 12:04:31,023 INFO 43466 [egg-schedule]: register schedule /Users/icourt/Documents/project/fuko/fake_meid_recognition_node/node_modules/egg-logrotator/app/schedule/clean_log.js
2019-08-25 12:04:31,023 INFO 43466 [egg-schedule]: register schedule /Users/icourt/Documents/project/fuko/fake_meid_recognition_node/node_modules/egg-logrotator/app/schedule/rotate_by_file.js
2019-08-25 12:05:28,123 INFO 43486 [egg-schedule]: register schedule /Users/icourt/Documents/project/fuko/fake_meid_recognition_node/node_modules/egg-multipart/app/schedule/clean_tmpdir.js
2019-08-25 12:05:28,123 INFO 43486 [egg-schedule]: register schedule /Users/icourt/Documents/project/fuko/fake_meid_recognition_node/node_modules/egg-logrotator/app/schedule/clean_log.js
2019-08-25 12:05:28,123 INFO 43486 [egg-schedule]: register schedule /Users/icourt/Documents/project/fuko/fake_meid_recognition_node/node_modules/egg-logrotator/app/schedule/rotate_by_file.js
2019-08-25 12:05:46,546 INFO 43489 [egg-schedule]: register schedule /Users/icourt/Documents/project/fuko/fake_meid_recognition_node/node_modules/egg-multipart/app/schedule/clean_tmpdir.js
2019-08-25 12:05:46,546 INFO 43489 [egg-schedule]: register schedule /Users/icourt/Documents/project/fuko/fake_meid_recognition_node/node_modules/egg-logrotator/app/schedule/clean_log.js
2019-08-25 12:05:46,546 INFO 43489 [egg-schedule]: register schedule /Users/icourt/Documents/project/fuko/fake_meid_recognition_node/node_modules/egg-logrotator/app/schedule/rotate_by_file.js
2019-08-25 12:06:00,011 INFO 43492 [egg-schedule]: register schedule /Users/icourt/Documents/project/fuko/fake_meid_recognition_node/node_modules/egg-multipart/app/schedule/clean_tmpdir.js
2019-08-25 12:06:00,011 INFO 43492 [egg-schedule]: register schedule /Users/icourt/Documents/project/fuko/fake_meid_recognition_node/node_modules/egg-logrotator/app/schedule/clean_log.js
2019-08-25 12:06:00,011 INFO 43492 [egg-schedule]: register schedule /Users/icourt/Documents/project/fuko/fake_meid_recognition_node/node_modules/egg-logrotator/app/schedule/rotate_by_file.js
2019-08-25 12:07:00,078 INFO 43502 [egg-schedule]: register schedule /Users/icourt/Documents/project/fuko/fake_meid_recognition_node/node_modules/egg-multipart/app/schedule/clean_tmpdir.js
2019-08-25 12:07:00,078 INFO 43502 [egg-schedule]: register schedule /Users/icourt/Documents/project/fuko/fake_meid_recognition_node/node_modules/egg-logrotator/app/schedule/clean_log.js
2019-08-25 12:07:00,078 INFO 43502 [egg-schedule]: register schedule /Users/icourt/Documents/project/fuko/fake_meid_recognition_node/node_modules/egg-logrotator/app/schedule/rotate_by_file.js
2019-08-25 12:07:07,475 INFO 43508 [egg-schedule]: register schedule /Users/icourt/Documents/project/fuko/fake_meid_recognition_node/node_modules/egg-multipart/app/schedule/clean_tmpdir.js
2019-08-25 12:07:07,475 INFO 43508 [egg-schedule]: register schedule /Users/icourt/Documents/project/fuko/fake_meid_recognition_node/node_modules/egg-logrotator/app/schedule/clean_log.js
2019-08-25 12:07:07,475 INFO 43508 [egg-schedule]: register schedule /Users/icourt/Documents/project/fuko/fake_meid_recognition_node/node_modules/egg-logrotator/app/schedule/rotate_by_file.js
2019-08-25 12:08:50,537 INFO 43519 [egg-schedule]: register schedule /Users/icourt/Documents/project/fuko/fake_meid_recognition_node/node_modules/egg-multipart/app/schedule/clean_tmpdir.js
2019-08-25 12:08:50,537 INFO 43519 [egg-schedule]: register schedule /Users/icourt/Documents/project/fuko/fake_meid_recognition_node/node_modules/egg-logrotator/app/schedule/clean_log.js
2019-08-25 12:08:50,537 INFO 43519 [egg-schedule]: register schedule /Users/icourt/Documents/project/fuko/fake_meid_recognition_node/node_modules/egg-logrotator/app/schedule/rotate_by_file.js
2019-08-25 12:09:01,182 INFO 43527 [egg-schedule]: register schedule /Users/icourt/Documents/project/fuko/fake_meid_recognition_node/node_modules/egg-multipart/app/schedule/clean_tmpdir.js
2019-08-25 12:09:01,182 INFO 43527 [egg-schedule]: register schedule /Users/icourt/Documents/project/fuko/fake_meid_recognition_node/node_modules/egg-logrotator/app/schedule/clean_log.js
2019-08-25 12:09:01,182 INFO 43527 [egg-schedule]: register schedule /Users/icourt/Documents/project/fuko/fake_meid_recognition_node/node_modules/egg-logrotator/app/schedule/rotate_by_file.js
2019-08-25 12:09:11,099 INFO 43533 [egg-schedule]: register schedule /Users/icourt/Documents/project/fuko/fake_meid_recognition_node/node_modules/egg-multipart/app/schedule/clean_tmpdir.js
2019-08-25 12:09:11,099 INFO 43533 [egg-schedule]: register schedule /Users/icourt/Documents/project/fuko/fake_meid_recognition_node/node_modules/egg-logrotator/app/schedule/clean_log.js
2019-08-25 12:09:11,099 INFO 43533 [egg-schedule]: register schedule /Users/icourt/Documents/project/fuko/fake_meid_recognition_node/node_modules/egg-logrotator/app/schedule/rotate_by_file.js
2019-08-25 12:10:02,028 INFO 43598 [egg-schedule]: register schedule /Users/icourt/Documents/project/fuko/fake_meid_recognition_node/node_modules/egg-multipart/app/schedule/clean_tmpdir.js
2019-08-25 12:10:02,028 INFO 43598 [egg-schedule]: register schedule /Users/icourt/Documents/project/fuko/fake_meid_recognition_node/node_modules/egg-logrotator/app/schedule/clean_log.js
2019-08-25 12:10:02,028 INFO 43598 [egg-schedule]: register schedule /Users/icourt/Documents/project/fuko/fake_meid_recognition_node/node_modules/egg-logrotator/app/schedule/rotate_by_file.js
2019-08-25 12:10:12,222 INFO 43604 [egg-schedule]: register schedule /Users/icourt/Documents/project/fuko/fake_meid_recognition_node/node_modules/egg-multipart/app/schedule/clean_tmpdir.js
2019-08-25 12:10:12,222 INFO 43604 [egg-schedule]: register schedule /Users/icourt/Documents/project/fuko/fake_meid_recognition_node/node_modules/egg-logrotator/app/schedule/clean_log.js
2019-08-25 12:10:12,222 INFO 43604 [egg-schedule]: register schedule /Users/icourt/Documents/project/fuko/fake_meid_recognition_node/node_modules/egg-logrotator/app/schedule/rotate_by_file.js
2019-08-25 16:34:59,185 INFO 45416 [egg-schedule]: register schedule /Users/icourt/Documents/project/fuko/fake_meid_recognition_node/node_modules/egg-multipart/app/schedule/clean_tmpdir.js
2019-08-25 16:34:59,185 INFO 45416 [egg-schedule]: register schedule /Users/icourt/Documents/project/fuko/fake_meid_recognition_node/node_modules/egg-logrotator/app/schedule/clean_log.js
2019-08-25 16:34:59,185 INFO 45416 [egg-schedule]: register schedule /Users/icourt/Documents/project/fuko/fake_meid_recognition_node/node_modules/egg-logrotator/app/schedule/rotate_by_file.js
2019-08-25 16:35:01,708 INFO 45422 [egg-schedule]: register schedule /Users/icourt/Documents/project/fuko/fake_meid_recognition_node/node_modules/egg-multipart/app/schedule/clean_tmpdir.js
2019-08-25 16:35:01,708 INFO 45422 [egg-schedule]: register schedule /Users/icourt/Documents/project/fuko/fake_meid_recognition_node/node_modules/egg-logrotator/app/schedule/clean_log.js
2019-08-25 16:35:01,708 INFO 45422 [egg-schedule]: register schedule /Users/icourt/Documents/project/fuko/fake_meid_recognition_node/node_modules/egg-logrotator/app/schedule/rotate_by_file.js
2019-08-25 16:41:27,626 INFO 45484 [egg-schedule]: register schedule /Users/icourt/Documents/project/fuko/fake_meid_recognition_node/node_modules/egg-multipart/app/schedule/clean_tmpdir.js
2019-08-25 16:41:27,626 INFO 45484 [egg-schedule]: register schedule /Users/icourt/Documents/project/fuko/fake_meid_recognition_node/node_modules/egg-logrotator/app/schedule/clean_log.js
2019-08-25 16:41:27,626 INFO 45484 [egg-schedule]: register schedule /Users/icourt/Documents/project/fuko/fake_meid_recognition_node/node_modules/egg-logrotator/app/schedule/rotate_by_file.js
2019-08-25 16:41:31,742 INFO 45487 [egg-schedule]: register schedule /Users/icourt/Documents/project/fuko/fake_meid_recognition_node/node_modules/egg-multipart/app/schedule/clean_tmpdir.js
2019-08-25 16:41:31,742 INFO 45487 [egg-schedule]: register schedule /Users/icourt/Documents/project/fuko/fake_meid_recognition_node/node_modules/egg-logrotator/app/schedule/clean_log.js
2019-08-25 16:41:31,742 INFO 45487 [egg-schedule]: register schedule /Users/icourt/Documents/project/fuko/fake_meid_recognition_node/node_modules/egg-logrotator/app/schedule/rotate_by_file.js
2019-08-25 16:42:42,721 INFO 45511 [egg-schedule]: register schedule /Users/icourt/Documents/project/fuko/fake_meid_recognition_node/node_modules/egg-multipart/app/schedule/clean_tmpdir.js
2019-08-25 16:42:42,721 INFO 45511 [egg-schedule]: register schedule /Users/icourt/Documents/project/fuko/fake_meid_recognition_node/node_modules/egg-logrotator/app/schedule/clean_log.js
2019-08-25 16:42:42,721 INFO 45511 [egg-schedule]: register schedule /Users/icourt/Documents/project/fuko/fake_meid_recognition_node/node_modules/egg-logrotator/app/schedule/rotate_by_file.js
2019-08-25 16:44:58,063 INFO 45516 [egg-schedule]: register schedule /Users/icourt/Documents/project/fuko/fake_meid_recognition_node/node_modules/egg-multipart/app/schedule/clean_tmpdir.js
2019-08-25 16:44:58,063 INFO 45516 [egg-schedule]: register schedule /Users/icourt/Documents/project/fuko/fake_meid_recognition_node/node_modules/egg-logrotator/app/schedule/clean_log.js
2019-08-25 16:44:58,063 INFO 45516 [egg-schedule]: register schedule /Users/icourt/Documents/project/fuko/fake_meid_recognition_node/node_modules/egg-logrotator/app/schedule/rotate_by_file.js
2019-08-25 16:45:46,679 INFO 45519 [egg-schedule]: register schedule /Users/icourt/Documents/project/fuko/fake_meid_recognition_node/node_modules/egg-multipart/app/schedule/clean_tmpdir.js
2019-08-25 16:45:46,679 INFO 45519 [egg-schedule]: register schedule /Users/icourt/Documents/project/fuko/fake_meid_recognition_node/node_modules/egg-logrotator/app/schedule/clean_log.js
2019-08-25 16:45:46,679 INFO 45519 [egg-schedule]: register schedule /Users/icourt/Documents/project/fuko/fake_meid_recognition_node/node_modules/egg-logrotator/app/schedule/rotate_by_file.js
2019-08-25 16:46:04,369 INFO 45526 [egg-schedule]: register schedule /Users/icourt/Documents/project/fuko/fake_meid_recognition_node/node_modules/egg-multipart/app/schedule/clean_tmpdir.js
2019-08-25 16:46:04,369 INFO 45526 [egg-schedule]: register schedule /Users/icourt/Documents/project/fuko/fake_meid_recognition_node/node_modules/egg-logrotator/app/schedule/clean_log.js
2019-08-25 16:46:04,369 INFO 45526 [egg-schedule]: register schedule /Users/icourt/Documents/project/fuko/fake_meid_recognition_node/node_modules/egg-logrotator/app/schedule/rotate_by_file.js
2019-08-25 16:48:34,755 INFO 45538 [egg-schedule]: register schedule /Users/icourt/Documents/project/fuko/fake_meid_recognition_node/node_modules/egg-multipart/app/schedule/clean_tmpdir.js
2019-08-25 16:48:34,755 INFO 45538 [egg-schedule]: register schedule /Users/icourt/Documents/project/fuko/fake_meid_recognition_node/node_modules/egg-logrotator/app/schedule/clean_log.js
2019-08-25 16:48:34,755 INFO 45538 [egg-schedule]: register schedule /Users/icourt/Documents/project/fuko/fake_meid_recognition_node/node_modules/egg-logrotator/app/schedule/rotate_by_file.js
2019-08-25 16:49:42,520 INFO 45549 [egg-schedule]: register schedule /Users/icourt/Documents/project/fuko/fake_meid_recognition_node/node_modules/egg-multipart/app/schedule/clean_tmpdir.js
2019-08-25 16:49:42,520 INFO 45549 [egg-schedule]: register schedule /Users/icourt/Documents/project/fuko/fake_meid_recognition_node/node_modules/egg-logrotator/app/schedule/clean_log.js
2019-08-25 16:49:42,520 INFO 45549 [egg-schedule]: register schedule /Users/icourt/Documents/project/fuko/fake_meid_recognition_node/node_modules/egg-logrotator/app/schedule/rotate_by_file.js
2019-08-25 17:02:19,732 INFO 46025 [egg-schedule]: register schedule /Users/icourt/Documents/project/fuko/fake_meid_recognition_node/node_modules/egg-multipart/app/schedule/clean_tmpdir.js
2019-08-25 17:02:19,732 INFO 46025 [egg-schedule]: register schedule /Users/icourt/Documents/project/fuko/fake_meid_recognition_node/node_modules/egg-logrotator/app/schedule/clean_log.js
2019-08-25 17:02:19,732 INFO 46025 [egg-schedule]: register schedule /Users/icourt/Documents/project/fuko/fake_meid_recognition_node/node_modules/egg-logrotator/app/schedule/rotate_by_file.js
2019-08-25 17:02:23,154 INFO 46029 [egg-schedule]: register schedule /Users/icourt/Documents/project/fuko/fake_meid_recognition_node/node_modules/egg-multipart/app/schedule/clean_tmpdir.js
2019-08-25 17:02:23,154 INFO 46029 [egg-schedule]: register schedule /Users/icourt/Documents/project/fuko/fake_meid_recognition_node/node_modules/egg-logrotator/app/schedule/clean_log.js
2019-08-25 17:02:23,154 INFO 46029 [egg-schedule]: register schedule /Users/icourt/Documents/project/fuko/fake_meid_recognition_node/node_modules/egg-logrotator/app/schedule/rotate_by_file.js
2019-08-26 09:13:35,330 INFO 48273 [egg-schedule]: register schedule /Users/icourt/Documents/project/fuko/fake_meid_recognition_node/node_modules/egg-multipart/app/schedule/clean_tmpdir.js
2019-08-26 09:13:35,330 INFO 48273 [egg-schedule]: register schedule /Users/icourt/Documents/project/fuko/fake_meid_recognition_node/node_modules/egg-logrotator/app/schedule/clean_log.js
2019-08-26 09:13:35,330 INFO 48273 [egg-schedule]: register schedule /Users/icourt/Documents/project/fuko/fake_meid_recognition_node/node_modules/egg-logrotator/app/schedule/rotate_by_file.js
