2019-08-25 11:23:29,914 INFO 42419 [egg:logger] init all loggers with options: {"dir":"/Users/icourt/Documents/project/fuko/fake_meid_recognition_node/logs/init","encoding":"utf8","env":"local","level":"INFO","consoleLevel":"INFO","disableConsoleAfterReady":false,"outputJSON":false,"buffer":true,"appLogName":"init-web.log","coreLogName":"egg-web.log","agentLogName":"egg-agent.log","errorLogName":"common-error.log","coreLogger":{"consoleLevel":"WARN"},"allowDebugAtProd":false,"type":"application"}
2019-08-25 11:23:29,945 INFO 42419 [egg-multipart] stream mode enable
2019-08-25 11:23:30,029 INFO 42419 [egg-static] starting static serve /public/ -> /Users/icourt/Documents/project/fuko/fake_meid_recognition_node/app/public
2019-08-25 11:23:30,032 INFO 42419 [egg-security] use csrf middleware
2019-08-25 11:23:30,034 INFO 42419 [egg-security] use methodnoallow middleware
2019-08-25 11:23:30,034 INFO 42419 [egg-security] use noopen middleware
2019-08-25 11:23:30,036 INFO 42419 [egg-security] use nosniff middleware
2019-08-25 11:23:30,037 INFO 42419 [egg-security] use xssProtection middleware
2019-08-25 11:23:30,038 INFO 42419 [egg-security] use xframe middleware
2019-08-25 11:23:30,038 INFO 42419 [egg-security] use dta middleware
2019-08-25 11:23:30,038 INFO 42419 [egg-security] compose 7 middlewares into one security middleware
2019-08-25 11:23:30,048 INFO 42419 [egg:core] dump config after load, 5ms
2019-08-25 11:23:30,062 INFO 42419 [egg-watcher:application] watcher start success
2019-08-25 11:23:30,068 INFO 42419 [egg:core] dump config after ready, 4ms
2019-08-25 11:27:29,119 INFO 42480 [egg:logger] init all loggers with options: {"dir":"/Users/icourt/Documents/project/fuko/fake_meid_recognition_node/logs/init","encoding":"utf8","env":"local","level":"INFO","consoleLevel":"INFO","disableConsoleAfterReady":false,"outputJSON":false,"buffer":true,"appLogName":"init-web.log","coreLogName":"egg-web.log","agentLogName":"egg-agent.log","errorLogName":"common-error.log","coreLogger":{"consoleLevel":"WARN"},"allowDebugAtProd":false,"type":"application"}
2019-08-25 11:27:29,147 INFO 42480 [egg-multipart] stream mode enable
2019-08-25 11:27:29,218 INFO 42480 [egg-static] starting static serve /public/ -> /Users/icourt/Documents/project/fuko/fake_meid_recognition_node/app/public
2019-08-25 11:27:29,220 INFO 42480 [egg-security] use csrf middleware
2019-08-25 11:27:29,222 INFO 42480 [egg-security] use methodnoallow middleware
2019-08-25 11:27:29,222 INFO 42480 [egg-security] use noopen middleware
2019-08-25 11:27:29,224 INFO 42480 [egg-security] use nosniff middleware
2019-08-25 11:27:29,224 INFO 42480 [egg-security] use xssProtection middleware
2019-08-25 11:27:29,225 INFO 42480 [egg-security] use xframe middleware
2019-08-25 11:27:29,226 INFO 42480 [egg-security] use dta middleware
2019-08-25 11:27:29,226 INFO 42480 [egg-security] compose 7 middlewares into one security middleware
2019-08-25 11:27:29,236 INFO 42480 [egg:core] dump config after load, 5ms
2019-08-25 11:27:29,245 INFO 42480 [egg-watcher:application] watcher start success
2019-08-25 11:27:29,249 INFO 42480 [egg:core] dump config after ready, 2ms
2019-08-25 11:40:16,576 INFO 42827 [egg:logger] init all loggers with options: {"dir":"/Users/icourt/Documents/project/fuko/fake_meid_recognition_node/logs/init","encoding":"utf8","env":"local","level":"INFO","consoleLevel":"INFO","disableConsoleAfterReady":false,"outputJSON":false,"buffer":true,"appLogName":"init-web.log","coreLogName":"egg-web.log","agentLogName":"egg-agent.log","errorLogName":"common-error.log","coreLogger":{"consoleLevel":"WARN"},"allowDebugAtProd":false,"type":"application"}
2019-08-25 11:40:16,600 INFO 42827 [egg-multipart] stream mode enable
2019-08-25 11:40:16,634 INFO 42827 [egg-static] starting static serve /public/ -> /Users/icourt/Documents/project/fuko/fake_meid_recognition_node/app/public
2019-08-25 11:40:16,636 INFO 42827 [egg-security] use csrf middleware
2019-08-25 11:40:16,636 INFO 42827 [egg-security] use methodnoallow middleware
2019-08-25 11:40:16,636 INFO 42827 [egg-security] use noopen middleware
2019-08-25 11:40:16,637 INFO 42827 [egg-security] use nosniff middleware
2019-08-25 11:40:16,637 INFO 42827 [egg-security] use xssProtection middleware
2019-08-25 11:40:16,637 INFO 42827 [egg-security] use xframe middleware
2019-08-25 11:40:16,637 INFO 42827 [egg-security] use dta middleware
2019-08-25 11:40:16,637 INFO 42827 [egg-security] compose 7 middlewares into one security middleware
2019-08-25 11:40:16,645 INFO 42827 [egg:core] dump config after load, 5ms
2019-08-25 11:40:16,655 INFO 42827 [egg-watcher:application] watcher start success
2019-08-25 11:40:16,659 INFO 42827 [egg:core] dump config after ready, 3ms
2019-08-25 11:40:21,848 INFO 42834 [egg:logger] init all loggers with options: {"dir":"/Users/icourt/Documents/project/fuko/fake_meid_recognition_node/logs/init","encoding":"utf8","env":"local","level":"INFO","consoleLevel":"INFO","disableConsoleAfterReady":false,"outputJSON":false,"buffer":true,"appLogName":"init-web.log","coreLogName":"egg-web.log","agentLogName":"egg-agent.log","errorLogName":"common-error.log","coreLogger":{"consoleLevel":"WARN"},"allowDebugAtProd":false,"type":"application"}
2019-08-25 11:40:21,872 INFO 42834 [egg-multipart] stream mode enable
2019-08-25 11:40:21,905 INFO 42834 [egg-static] starting static serve /public/ -> /Users/icourt/Documents/project/fuko/fake_meid_recognition_node/app/public
2019-08-25 11:40:21,906 INFO 42834 [egg-security] use csrf middleware
2019-08-25 11:40:21,907 INFO 42834 [egg-security] use methodnoallow middleware
2019-08-25 11:40:21,907 INFO 42834 [egg-security] use noopen middleware
2019-08-25 11:40:21,908 INFO 42834 [egg-security] use nosniff middleware
2019-08-25 11:40:21,908 INFO 42834 [egg-security] use xssProtection middleware
2019-08-25 11:40:21,908 INFO 42834 [egg-security] use xframe middleware
2019-08-25 11:40:21,909 INFO 42834 [egg-security] use dta middleware
2019-08-25 11:40:21,909 INFO 42834 [egg-security] compose 7 middlewares into one security middleware
2019-08-25 11:40:21,916 INFO 42834 [egg:core] dump config after load, 4ms
2019-08-25 11:40:21,926 INFO 42834 [egg-watcher:application] watcher start success
2019-08-25 11:40:21,931 INFO 42834 [egg:core] dump config after ready, 3ms
2019-08-25 11:42:25,639 INFO 42843 [egg:logger] init all loggers with options: {"dir":"/Users/icourt/Documents/project/fuko/fake_meid_recognition_node/logs/init","encoding":"utf8","env":"local","level":"INFO","consoleLevel":"INFO","disableConsoleAfterReady":false,"outputJSON":false,"buffer":true,"appLogName":"init-web.log","coreLogName":"egg-web.log","agentLogName":"egg-agent.log","errorLogName":"common-error.log","coreLogger":{"consoleLevel":"WARN"},"allowDebugAtProd":false,"type":"application"}
2019-08-25 11:42:25,671 INFO 42843 [egg-multipart] stream mode enable
2019-08-25 11:42:25,759 INFO 42843 [egg-static] starting static serve /public/ -> /Users/icourt/Documents/project/fuko/fake_meid_recognition_node/app/public
2019-08-25 11:42:25,764 INFO 42843 [egg-security] use csrf middleware
2019-08-25 11:42:25,765 INFO 42843 [egg-security] use methodnoallow middleware
2019-08-25 11:42:25,766 INFO 42843 [egg-security] use noopen middleware
2019-08-25 11:42:25,766 INFO 42843 [egg-security] use nosniff middleware
2019-08-25 11:42:25,767 INFO 42843 [egg-security] use xssProtection middleware
2019-08-25 11:42:25,768 INFO 42843 [egg-security] use xframe middleware
2019-08-25 11:42:25,769 INFO 42843 [egg-security] use dta middleware
2019-08-25 11:42:25,769 INFO 42843 [egg-security] compose 7 middlewares into one security middleware
2019-08-25 11:42:25,786 INFO 42843 [egg:core] dump config after load, 9ms
2019-08-25 11:42:25,802 INFO 42843 [egg-watcher:application] watcher start success
2019-08-25 11:42:25,808 INFO 42843 [egg:core] dump config after ready, 5ms
2019-08-25 11:44:31,936 INFO 42851 [egg:logger] init all loggers with options: {"dir":"/Users/icourt/Documents/project/fuko/fake_meid_recognition_node/logs/init","encoding":"utf8","env":"local","level":"INFO","consoleLevel":"INFO","disableConsoleAfterReady":false,"outputJSON":false,"buffer":true,"appLogName":"init-web.log","coreLogName":"egg-web.log","agentLogName":"egg-agent.log","errorLogName":"common-error.log","coreLogger":{"consoleLevel":"WARN"},"allowDebugAtProd":false,"type":"application"}
2019-08-25 11:44:31,994 INFO 42851 [egg-multipart] stream mode enable
2019-08-25 11:44:32,077 INFO 42851 [egg-static] starting static serve /public/ -> /Users/icourt/Documents/project/fuko/fake_meid_recognition_node/app/public
2019-08-25 11:44:32,080 INFO 42851 [egg-security] use csrf middleware
2019-08-25 11:44:32,082 INFO 42851 [egg-security] use methodnoallow middleware
2019-08-25 11:44:32,083 INFO 42851 [egg-security] use noopen middleware
2019-08-25 11:44:32,084 INFO 42851 [egg-security] use nosniff middleware
2019-08-25 11:44:32,085 INFO 42851 [egg-security] use xssProtection middleware
2019-08-25 11:44:32,086 INFO 42851 [egg-security] use xframe middleware
2019-08-25 11:44:32,086 INFO 42851 [egg-security] use dta middleware
2019-08-25 11:44:32,086 INFO 42851 [egg-security] compose 7 middlewares into one security middleware
2019-08-25 11:44:32,100 INFO 42851 [egg:core] dump config after load, 6ms
2019-08-25 11:44:32,117 INFO 42851 [egg-watcher:application] watcher start success
2019-08-25 11:44:32,123 INFO 42851 [egg:core] dump config after ready, 4ms
2019-08-25 11:44:41,942 INFO 42861 [egg:logger] init all loggers with options: {"dir":"/Users/icourt/Documents/project/fuko/fake_meid_recognition_node/logs/init","encoding":"utf8","env":"local","level":"INFO","consoleLevel":"INFO","disableConsoleAfterReady":false,"outputJSON":false,"buffer":true,"appLogName":"init-web.log","coreLogName":"egg-web.log","agentLogName":"egg-agent.log","errorLogName":"common-error.log","coreLogger":{"consoleLevel":"WARN"},"allowDebugAtProd":false,"type":"application"}
2019-08-25 11:44:41,972 INFO 42861 [egg-multipart] stream mode enable
2019-08-25 11:44:42,055 INFO 42861 [egg-static] starting static serve /public/ -> /Users/icourt/Documents/project/fuko/fake_meid_recognition_node/app/public
2019-08-25 11:44:42,060 INFO 42861 [egg-security] use csrf middleware
2019-08-25 11:44:42,061 INFO 42861 [egg-security] use methodnoallow middleware
2019-08-25 11:44:42,062 INFO 42861 [egg-security] use noopen middleware
2019-08-25 11:44:42,062 INFO 42861 [egg-security] use nosniff middleware
2019-08-25 11:44:42,063 INFO 42861 [egg-security] use xssProtection middleware
2019-08-25 11:44:42,064 INFO 42861 [egg-security] use xframe middleware
2019-08-25 11:44:42,064 INFO 42861 [egg-security] use dta middleware
2019-08-25 11:44:42,064 INFO 42861 [egg-security] compose 7 middlewares into one security middleware
2019-08-25 11:44:42,075 INFO 42861 [egg:core] dump config after load, 4ms
2019-08-25 11:44:42,088 INFO 42861 [egg-watcher:application] watcher start success
2019-08-25 11:44:42,094 INFO 42861 [egg:core] dump config after ready, 4ms
2019-08-25 11:45:17,747 INFO 42866 [egg:logger] init all loggers with options: {"dir":"/Users/icourt/Documents/project/fuko/fake_meid_recognition_node/logs/init","encoding":"utf8","env":"local","level":"INFO","consoleLevel":"INFO","disableConsoleAfterReady":false,"outputJSON":false,"buffer":true,"appLogName":"init-web.log","coreLogName":"egg-web.log","agentLogName":"egg-agent.log","errorLogName":"common-error.log","coreLogger":{"consoleLevel":"WARN"},"allowDebugAtProd":false,"type":"application"}
2019-08-25 11:45:17,782 INFO 42866 [egg-multipart] stream mode enable
2019-08-25 11:45:17,864 INFO 42866 [egg-static] starting static serve /public/ -> /Users/icourt/Documents/project/fuko/fake_meid_recognition_node/app/public
2019-08-25 11:45:17,866 INFO 42866 [egg-security] use csrf middleware
2019-08-25 11:45:17,867 INFO 42866 [egg-security] use methodnoallow middleware
2019-08-25 11:45:17,868 INFO 42866 [egg-security] use noopen middleware
2019-08-25 11:45:17,869 INFO 42866 [egg-security] use nosniff middleware
2019-08-25 11:45:17,870 INFO 42866 [egg-security] use xssProtection middleware
2019-08-25 11:45:17,871 INFO 42866 [egg-security] use xframe middleware
2019-08-25 11:45:17,871 INFO 42866 [egg-security] use dta middleware
2019-08-25 11:45:17,871 INFO 42866 [egg-security] compose 7 middlewares into one security middleware
2019-08-25 11:45:17,883 INFO 42866 [egg:core] dump config after load, 4ms
2019-08-25 11:45:17,894 INFO 42866 [egg-watcher:application] watcher start success
2019-08-25 11:45:17,898 INFO 42866 [egg:core] dump config after ready, 3ms
2019-08-25 11:45:44,821 INFO 42879 [egg:logger] init all loggers with options: {"dir":"/Users/icourt/Documents/project/fuko/fake_meid_recognition_node/logs/init","encoding":"utf8","env":"local","level":"INFO","consoleLevel":"INFO","disableConsoleAfterReady":false,"outputJSON":false,"buffer":true,"appLogName":"init-web.log","coreLogName":"egg-web.log","agentLogName":"egg-agent.log","errorLogName":"common-error.log","coreLogger":{"consoleLevel":"WARN"},"allowDebugAtProd":false,"type":"application"}
2019-08-25 11:45:44,866 INFO 42879 [egg-multipart] stream mode enable
2019-08-25 11:45:44,953 INFO 42879 [egg-static] starting static serve /public/ -> /Users/icourt/Documents/project/fuko/fake_meid_recognition_node/app/public
2019-08-25 11:45:44,956 INFO 42879 [egg-security] use csrf middleware
2019-08-25 11:45:44,957 INFO 42879 [egg-security] use methodnoallow middleware
2019-08-25 11:45:44,957 INFO 42879 [egg-security] use noopen middleware
2019-08-25 11:45:44,959 INFO 42879 [egg-security] use nosniff middleware
2019-08-25 11:45:44,961 INFO 42879 [egg-security] use xssProtection middleware
2019-08-25 11:45:44,962 INFO 42879 [egg-security] use xframe middleware
2019-08-25 11:45:44,962 INFO 42879 [egg-security] use dta middleware
2019-08-25 11:45:44,962 INFO 42879 [egg-security] compose 7 middlewares into one security middleware
2019-08-25 11:45:44,973 INFO 42879 [egg:core] dump config after load, 5ms
2019-08-25 11:45:44,986 INFO 42879 [egg-watcher:application] watcher start success
2019-08-25 11:45:44,994 INFO 42879 [egg:core] dump config after ready, 6ms
2019-08-25 11:48:15,559 INFO 42956 [egg:logger] init all loggers with options: {"dir":"/Users/icourt/Documents/project/fuko/fake_meid_recognition_node/logs/init","encoding":"utf8","env":"local","level":"INFO","consoleLevel":"INFO","disableConsoleAfterReady":false,"outputJSON":false,"buffer":true,"appLogName":"init-web.log","coreLogName":"egg-web.log","agentLogName":"egg-agent.log","errorLogName":"common-error.log","coreLogger":{"consoleLevel":"WARN"},"allowDebugAtProd":false,"type":"application"}
2019-08-25 11:48:15,585 INFO 42956 [egg-multipart] stream mode enable
2019-08-25 11:48:15,644 INFO 42956 [egg-static] starting static serve /public/ -> /Users/icourt/Documents/project/fuko/fake_meid_recognition_node/app/public
2019-08-25 11:48:15,647 INFO 42956 [egg-security] use csrf middleware
2019-08-25 11:48:15,648 INFO 42956 [egg-security] use methodnoallow middleware
2019-08-25 11:48:15,649 INFO 42956 [egg-security] use noopen middleware
2019-08-25 11:48:15,649 INFO 42956 [egg-security] use nosniff middleware
2019-08-25 11:48:15,650 INFO 42956 [egg-security] use xssProtection middleware
2019-08-25 11:48:15,650 INFO 42956 [egg-security] use xframe middleware
2019-08-25 11:48:15,651 INFO 42956 [egg-security] use dta middleware
2019-08-25 11:48:15,651 INFO 42956 [egg-security] compose 7 middlewares into one security middleware
2019-08-25 11:48:15,660 INFO 42956 [egg:core] dump config after load, 4ms
2019-08-25 11:48:15,674 INFO 42956 [egg-watcher:application] watcher start success
2019-08-25 11:48:15,680 INFO 42956 [egg:core] dump config after ready, 4ms
2019-08-25 11:50:15,159 INFO 42978 [egg:logger] init all loggers with options: {"dir":"/Users/icourt/Documents/project/fuko/fake_meid_recognition_node/logs/init","encoding":"utf8","env":"local","level":"INFO","consoleLevel":"INFO","disableConsoleAfterReady":false,"outputJSON":false,"buffer":true,"appLogName":"init-web.log","coreLogName":"egg-web.log","agentLogName":"egg-agent.log","errorLogName":"common-error.log","coreLogger":{"consoleLevel":"WARN"},"allowDebugAtProd":false,"type":"application"}
2019-08-25 11:50:15,191 INFO 42978 [egg-multipart] stream mode enable
2019-08-25 11:50:15,191 INFO 42978 [egg-mysql] connecting test_user@mysql.com:3306/test
2019-08-25 11:50:15,377 INFO 42978 [egg-static] starting static serve /public/ -> /Users/icourt/Documents/project/fuko/fake_meid_recognition_node/app/public
2019-08-25 11:50:15,380 INFO 42978 [egg-security] use csrf middleware
2019-08-25 11:50:15,382 INFO 42978 [egg-security] use methodnoallow middleware
2019-08-25 11:50:15,383 INFO 42978 [egg-security] use noopen middleware
2019-08-25 11:50:15,384 INFO 42978 [egg-security] use nosniff middleware
2019-08-25 11:50:15,385 INFO 42978 [egg-security] use xssProtection middleware
2019-08-25 11:50:15,386 INFO 42978 [egg-security] use xframe middleware
2019-08-25 11:50:15,387 INFO 42978 [egg-security] use dta middleware
2019-08-25 11:50:15,387 INFO 42978 [egg-security] compose 7 middlewares into one security middleware
2019-08-25 11:50:15,402 INFO 42978 [egg:core] dump config after load, 9ms
2019-08-25 11:50:15,420 INFO 42978 [egg-watcher:application] watcher start success
2019-08-25 11:50:25,439 INFO 42978 [egg:core] dump config after ready, 8ms
2019-08-25 11:50:34,974 INFO 42980 [egg:logger] init all loggers with options: {"dir":"/Users/icourt/Documents/project/fuko/fake_meid_recognition_node/logs/init","encoding":"utf8","env":"local","level":"INFO","consoleLevel":"INFO","disableConsoleAfterReady":false,"outputJSON":false,"buffer":true,"appLogName":"init-web.log","coreLogName":"egg-web.log","agentLogName":"egg-agent.log","errorLogName":"common-error.log","coreLogger":{"consoleLevel":"WARN"},"allowDebugAtProd":false,"type":"application"}
2019-08-25 11:50:35,007 INFO 42980 [egg-multipart] stream mode enable
2019-08-25 11:50:35,009 INFO 42980 [egg-mysql] connecting test_user@mysql.com:3306/test
2019-08-25 11:50:35,124 INFO 42980 [egg-static] starting static serve /public/ -> /Users/icourt/Documents/project/fuko/fake_meid_recognition_node/app/public
2019-08-25 11:50:35,126 INFO 42980 [egg-security] use csrf middleware
2019-08-25 11:50:35,127 INFO 42980 [egg-security] use methodnoallow middleware
2019-08-25 11:50:35,128 INFO 42980 [egg-security] use noopen middleware
2019-08-25 11:50:35,128 INFO 42980 [egg-security] use nosniff middleware
2019-08-25 11:50:35,129 INFO 42980 [egg-security] use xssProtection middleware
2019-08-25 11:50:35,130 INFO 42980 [egg-security] use xframe middleware
2019-08-25 11:50:35,131 INFO 42980 [egg-security] use dta middleware
2019-08-25 11:50:35,131 INFO 42980 [egg-security] compose 7 middlewares into one security middleware
2019-08-25 11:50:35,141 INFO 42980 [egg:core] dump config after load, 5ms
2019-08-25 11:50:35,159 INFO 42980 [egg-watcher:application] watcher start success
2019-08-25 11:50:45,165 INFO 42980 [egg:core] dump config after ready, 7ms
2019-08-25 11:51:04,399 INFO 42982 [egg:logger] init all loggers with options: {"dir":"/Users/icourt/Documents/project/fuko/fake_meid_recognition_node/logs/init","encoding":"utf8","env":"local","level":"INFO","consoleLevel":"INFO","disableConsoleAfterReady":false,"outputJSON":false,"buffer":true,"appLogName":"init-web.log","coreLogName":"egg-web.log","agentLogName":"egg-agent.log","errorLogName":"common-error.log","coreLogger":{"consoleLevel":"WARN"},"allowDebugAtProd":false,"type":"application"}
2019-08-25 11:51:04,423 INFO 42982 [egg-multipart] stream mode enable
2019-08-25 11:51:04,454 INFO 42982 [egg-static] starting static serve /public/ -> /Users/icourt/Documents/project/fuko/fake_meid_recognition_node/app/public
2019-08-25 11:51:04,456 INFO 42982 [egg-security] use csrf middleware
2019-08-25 11:51:04,456 INFO 42982 [egg-security] use methodnoallow middleware
2019-08-25 11:51:04,457 INFO 42982 [egg-security] use noopen middleware
2019-08-25 11:51:04,457 INFO 42982 [egg-security] use nosniff middleware
2019-08-25 11:51:04,457 INFO 42982 [egg-security] use xssProtection middleware
2019-08-25 11:51:04,457 INFO 42982 [egg-security] use xframe middleware
2019-08-25 11:51:04,458 INFO 42982 [egg-security] use dta middleware
2019-08-25 11:51:04,458 INFO 42982 [egg-security] compose 7 middlewares into one security middleware
2019-08-25 11:51:04,465 INFO 42982 [egg:core] dump config after load, 3ms
2019-08-25 11:51:04,475 INFO 42982 [egg-watcher:application] watcher start success
2019-08-25 11:51:04,480 INFO 42982 [egg:core] dump config after ready, 3ms
2019-08-25 11:55:12,005 INFO 43042 [egg:logger] init all loggers with options: {"dir":"/Users/icourt/Documents/project/fuko/fake_meid_recognition_node/logs/init","encoding":"utf8","env":"local","level":"INFO","consoleLevel":"INFO","disableConsoleAfterReady":false,"outputJSON":false,"buffer":true,"appLogName":"init-web.log","coreLogName":"egg-web.log","agentLogName":"egg-agent.log","errorLogName":"common-error.log","coreLogger":{"consoleLevel":"WARN"},"allowDebugAtProd":false,"type":"application"}
2019-08-25 11:55:12,039 INFO 43042 [egg-multipart] stream mode enable
2019-08-25 11:55:12,039 INFO 43042 [egg-mysql] connecting test_user@mysql.com:3306/test
2019-08-25 11:55:12,211 INFO 43042 [egg-static] starting static serve /public/ -> /Users/icourt/Documents/project/fuko/fake_meid_recognition_node/app/public
2019-08-25 11:55:12,214 INFO 43042 [egg-security] use csrf middleware
2019-08-25 11:55:12,215 INFO 43042 [egg-security] use methodnoallow middleware
2019-08-25 11:55:12,216 INFO 43042 [egg-security] use noopen middleware
2019-08-25 11:55:12,218 INFO 43042 [egg-security] use nosniff middleware
2019-08-25 11:55:12,219 INFO 43042 [egg-security] use xssProtection middleware
2019-08-25 11:55:12,220 INFO 43042 [egg-security] use xframe middleware
2019-08-25 11:55:12,221 INFO 43042 [egg-security] use dta middleware
2019-08-25 11:55:12,221 INFO 43042 [egg-security] compose 7 middlewares into one security middleware
2019-08-25 11:55:12,231 INFO 43042 [egg:core] dump config after load, 5ms
2019-08-25 11:55:12,248 INFO 43042 [egg-watcher:application] watcher start success
2019-08-25 11:55:22,252 INFO 43042 [egg:core] dump config after ready, 4ms
2019-08-25 11:56:00,824 INFO 43044 [egg:logger] init all loggers with options: {"dir":"/Users/icourt/Documents/project/fuko/fake_meid_recognition_node/logs/init","encoding":"utf8","env":"local","level":"INFO","consoleLevel":"INFO","disableConsoleAfterReady":false,"outputJSON":false,"buffer":true,"appLogName":"init-web.log","coreLogName":"egg-web.log","agentLogName":"egg-agent.log","errorLogName":"common-error.log","coreLogger":{"consoleLevel":"WARN"},"allowDebugAtProd":false,"type":"application"}
2019-08-25 11:56:00,852 INFO 43044 [egg-multipart] stream mode enable
2019-08-25 11:56:00,853 INFO 43044 [egg-mysql] connecting alpha_dev@rm-2ze2433x22ce09k6f.mysql.rds.aliyuncs.com:3306/icourt_live_dev
2019-08-25 11:56:01,012 INFO 43044 [egg-static] starting static serve /public/ -> /Users/icourt/Documents/project/fuko/fake_meid_recognition_node/app/public
2019-08-25 11:56:01,015 INFO 43044 [egg-security] use csrf middleware
2019-08-25 11:56:01,016 INFO 43044 [egg-security] use methodnoallow middleware
2019-08-25 11:56:01,017 INFO 43044 [egg-security] use noopen middleware
2019-08-25 11:56:01,018 INFO 43044 [egg-security] use nosniff middleware
2019-08-25 11:56:01,019 INFO 43044 [egg-security] use xssProtection middleware
2019-08-25 11:56:01,020 INFO 43044 [egg-security] use xframe middleware
2019-08-25 11:56:01,020 INFO 43044 [egg-security] use dta middleware
2019-08-25 11:56:01,021 INFO 43044 [egg-security] compose 7 middlewares into one security middleware
2019-08-25 11:56:01,031 INFO 43044 [egg:core] dump config after load, 5ms
2019-08-25 11:56:01,047 INFO 43044 [egg-watcher:application] watcher start success
2019-08-25 11:56:11,052 INFO 43044 [egg:core] dump config after ready, 4ms
2019-08-25 11:56:37,758 INFO 43354 [egg:logger] init all loggers with options: {"dir":"/Users/icourt/Documents/project/fuko/fake_meid_recognition_node/logs/init","encoding":"utf8","env":"local","level":"INFO","consoleLevel":"INFO","disableConsoleAfterReady":false,"outputJSON":false,"buffer":true,"appLogName":"init-web.log","coreLogName":"egg-web.log","agentLogName":"egg-agent.log","errorLogName":"common-error.log","coreLogger":{"consoleLevel":"WARN"},"allowDebugAtProd":false,"type":"application"}
2019-08-25 11:56:37,788 INFO 43354 [egg-multipart] stream mode enable
2019-08-25 11:56:37,789 INFO 43354 [egg-mysql] connecting alpha_dev@rm-2ze2433x22ce09k6f.mysql.rds.aliyuncs.com:3306/icourt_live_dev
2019-08-25 11:56:37,953 INFO 43354 [egg-static] starting static serve /public/ -> /Users/icourt/Documents/project/fuko/fake_meid_recognition_node/app/public
2019-08-25 11:56:37,956 INFO 43354 [egg-security] use csrf middleware
2019-08-25 11:56:37,957 INFO 43354 [egg-security] use methodnoallow middleware
2019-08-25 11:56:37,957 INFO 43354 [egg-security] use noopen middleware
2019-08-25 11:56:37,959 INFO 43354 [egg-security] use nosniff middleware
2019-08-25 11:56:37,960 INFO 43354 [egg-security] use xssProtection middleware
2019-08-25 11:56:37,961 INFO 43354 [egg-security] use xframe middleware
2019-08-25 11:56:37,962 INFO 43354 [egg-security] use dta middleware
2019-08-25 11:56:37,962 INFO 43354 [egg-security] compose 7 middlewares into one security middleware
2019-08-25 11:56:37,973 INFO 43354 [egg:core] dump config after load, 6ms
2019-08-25 11:56:37,997 INFO 43354 [egg-watcher:application] watcher start success
2019-08-25 11:56:38,029 INFO 43354 [egg-mysql] instance[0] status OK, rds currentTime: Sun Aug 25 2019 11:56:38 GMT+0800 (GMT+08:00)
2019-08-25 11:56:38,035 INFO 43354 [egg:core] dump config after ready, 4ms
2019-08-25 11:58:49,992 INFO 43361 [egg:logger] init all loggers with options: {"dir":"/Users/icourt/Documents/project/fuko/fake_meid_recognition_node/logs/init","encoding":"utf8","env":"local","level":"INFO","consoleLevel":"INFO","disableConsoleAfterReady":false,"outputJSON":false,"buffer":true,"appLogName":"init-web.log","coreLogName":"egg-web.log","agentLogName":"egg-agent.log","errorLogName":"common-error.log","coreLogger":{"consoleLevel":"WARN"},"allowDebugAtProd":false,"type":"application"}
2019-08-25 11:58:50,023 INFO 43361 [egg-multipart] stream mode enable
2019-08-25 11:58:50,024 INFO 43361 [egg-mysql] connecting alpha_dev@rm-2ze2433x22ce09k6f.mysql.rds.aliyuncs.com:3306/icourt_live_dev
2019-08-25 11:58:50,187 INFO 43361 [egg-static] starting static serve /public/ -> /Users/icourt/Documents/project/fuko/fake_meid_recognition_node/app/public
2019-08-25 11:58:50,189 INFO 43361 [egg-security] use csrf middleware
2019-08-25 11:58:50,191 INFO 43361 [egg-security] use methodnoallow middleware
2019-08-25 11:58:50,191 INFO 43361 [egg-security] use noopen middleware
2019-08-25 11:58:50,193 INFO 43361 [egg-security] use nosniff middleware
2019-08-25 11:58:50,194 INFO 43361 [egg-security] use xssProtection middleware
2019-08-25 11:58:50,194 INFO 43361 [egg-security] use xframe middleware
2019-08-25 11:58:50,195 INFO 43361 [egg-security] use dta middleware
2019-08-25 11:58:50,195 INFO 43361 [egg-security] compose 7 middlewares into one security middleware
2019-08-25 11:58:50,207 INFO 43361 [egg:core] dump config after load, 4ms
2019-08-25 11:58:50,222 INFO 43361 [egg-watcher:application] watcher start success
2019-08-25 11:58:50,355 INFO 43361 [egg-mysql] instance[0] status OK, rds currentTime: Sun Aug 25 2019 11:58:50 GMT+0800 (GMT+08:00)
2019-08-25 11:58:50,362 INFO 43361 [egg:core] dump config after ready, 4ms
2019-08-25 12:00:59,079 INFO 43424 [egg:logger] init all loggers with options: {"dir":"/Users/icourt/Documents/project/fuko/fake_meid_recognition_node/logs/init","encoding":"utf8","env":"local","level":"INFO","consoleLevel":"INFO","disableConsoleAfterReady":false,"outputJSON":false,"buffer":true,"appLogName":"init-web.log","coreLogName":"egg-web.log","agentLogName":"egg-agent.log","errorLogName":"common-error.log","coreLogger":{"consoleLevel":"WARN"},"allowDebugAtProd":false,"type":"application"}
2019-08-25 12:00:59,113 INFO 43424 [egg-multipart] stream mode enable
2019-08-25 12:00:59,113 INFO 43424 [egg-mysql] connecting alpha_dev@rm-2ze2433x22ce09k6f.mysql.rds.aliyuncs.com:3306/icourt_live_dev
2019-08-25 12:00:59,269 INFO 43424 [egg-static] starting static serve /public/ -> /Users/icourt/Documents/project/fuko/fake_meid_recognition_node/app/public
2019-08-25 12:00:59,273 INFO 43424 [egg-security] use csrf middleware
2019-08-25 12:00:59,274 INFO 43424 [egg-security] use methodnoallow middleware
2019-08-25 12:00:59,275 INFO 43424 [egg-security] use noopen middleware
2019-08-25 12:00:59,276 INFO 43424 [egg-security] use nosniff middleware
2019-08-25 12:00:59,277 INFO 43424 [egg-security] use xssProtection middleware
2019-08-25 12:00:59,277 INFO 43424 [egg-security] use xframe middleware
2019-08-25 12:00:59,278 INFO 43424 [egg-security] use dta middleware
2019-08-25 12:00:59,278 INFO 43424 [egg-security] compose 7 middlewares into one security middleware
2019-08-25 12:00:59,288 INFO 43424 [egg:core] dump config after load, 5ms
2019-08-25 12:00:59,312 INFO 43424 [egg-watcher:application] watcher start success
2019-08-25 12:00:59,378 INFO 43424 [egg-mysql] instance[0] status OK, rds currentTime: Sun Aug 25 2019 12:00:59 GMT+0800 (GMT+08:00)
2019-08-25 12:00:59,382 INFO 43424 [egg:core] dump config after ready, 3ms
2019-08-25 12:01:30,156 INFO 43435 [egg:logger] init all loggers with options: {"dir":"/Users/icourt/Documents/project/fuko/fake_meid_recognition_node/logs/init","encoding":"utf8","env":"local","level":"INFO","consoleLevel":"INFO","disableConsoleAfterReady":false,"outputJSON":false,"buffer":true,"appLogName":"init-web.log","coreLogName":"egg-web.log","agentLogName":"egg-agent.log","errorLogName":"common-error.log","coreLogger":{"consoleLevel":"WARN"},"allowDebugAtProd":false,"type":"application"}
2019-08-25 12:01:30,185 INFO 43435 [egg-multipart] stream mode enable
2019-08-25 12:01:30,185 INFO 43435 [egg-mysql] connecting alpha_dev@rm-2ze2433x22ce09k6f.mysql.rds.aliyuncs.com:3306/icourt_live_dev
2019-08-25 12:01:30,247 INFO 43435 [egg-static] starting static serve /public/ -> /Users/icourt/Documents/project/fuko/fake_meid_recognition_node/app/public
2019-08-25 12:01:30,249 INFO 43435 [egg-security] use csrf middleware
2019-08-25 12:01:30,249 INFO 43435 [egg-security] use methodnoallow middleware
2019-08-25 12:01:30,250 INFO 43435 [egg-security] use noopen middleware
2019-08-25 12:01:30,250 INFO 43435 [egg-security] use nosniff middleware
2019-08-25 12:01:30,250 INFO 43435 [egg-security] use xssProtection middleware
2019-08-25 12:01:30,251 INFO 43435 [egg-security] use xframe middleware
2019-08-25 12:01:30,251 INFO 43435 [egg-security] use dta middleware
2019-08-25 12:01:30,251 INFO 43435 [egg-security] compose 7 middlewares into one security middleware
2019-08-25 12:01:30,258 INFO 43435 [egg:core] dump config after load, 4ms
2019-08-25 12:01:30,274 INFO 43435 [egg-watcher:application] watcher start success
2019-08-25 12:01:30,389 INFO 43435 [egg-mysql] instance[0] status OK, rds currentTime: Sun Aug 25 2019 12:01:30 GMT+0800 (GMT+08:00)
2019-08-25 12:01:30,400 INFO 43435 [egg:core] dump config after ready, 5ms
2019-08-25 12:02:02,979 INFO 43444 [egg:logger] init all loggers with options: {"dir":"/Users/icourt/Documents/project/fuko/fake_meid_recognition_node/logs/init","encoding":"utf8","env":"local","level":"INFO","consoleLevel":"INFO","disableConsoleAfterReady":false,"outputJSON":false,"buffer":true,"appLogName":"init-web.log","coreLogName":"egg-web.log","agentLogName":"egg-agent.log","errorLogName":"common-error.log","coreLogger":{"consoleLevel":"WARN"},"allowDebugAtProd":false,"type":"application"}
2019-08-25 12:02:03,010 INFO 43444 [egg-multipart] stream mode enable
2019-08-25 12:02:03,011 INFO 43444 [egg-mysql] connecting alpha_dev@rm-2ze2433x22ce09k6f.mysql.rds.aliyuncs.com:3306/icourt_live_dev
2019-08-25 12:02:03,182 INFO 43444 [egg-static] starting static serve /public/ -> /Users/icourt/Documents/project/fuko/fake_meid_recognition_node/app/public
2019-08-25 12:02:03,187 INFO 43444 [egg-security] use csrf middleware
2019-08-25 12:02:03,188 INFO 43444 [egg-security] use methodnoallow middleware
2019-08-25 12:02:03,189 INFO 43444 [egg-security] use noopen middleware
2019-08-25 12:02:03,190 INFO 43444 [egg-security] use nosniff middleware
2019-08-25 12:02:03,191 INFO 43444 [egg-security] use xssProtection middleware
2019-08-25 12:02:03,192 INFO 43444 [egg-security] use xframe middleware
2019-08-25 12:02:03,192 INFO 43444 [egg-security] use dta middleware
2019-08-25 12:02:03,192 INFO 43444 [egg-security] compose 7 middlewares into one security middleware
2019-08-25 12:02:03,207 INFO 43444 [egg:core] dump config after load, 6ms
2019-08-25 12:02:03,243 INFO 43444 [egg-watcher:application] watcher start success
2019-08-25 12:02:03,312 INFO 43444 [egg-mysql] instance[0] status OK, rds currentTime: Sun Aug 25 2019 12:02:03 GMT+0800 (GMT+08:00)
2019-08-25 12:02:03,319 INFO 43444 [egg:core] dump config after ready, 5ms
2019-08-25 12:02:33,463 INFO 43445 [egg:logger] init all loggers with options: {"dir":"/Users/icourt/Documents/project/fuko/fake_meid_recognition_node/logs/init","encoding":"utf8","env":"local","level":"INFO","consoleLevel":"INFO","disableConsoleAfterReady":false,"outputJSON":false,"buffer":true,"appLogName":"init-web.log","coreLogName":"egg-web.log","agentLogName":"egg-agent.log","errorLogName":"common-error.log","coreLogger":{"consoleLevel":"WARN"},"allowDebugAtProd":false,"type":"application"}
2019-08-25 12:02:33,504 INFO 43445 [egg-multipart] stream mode enable
2019-08-25 12:02:33,505 INFO 43445 [egg-mysql] connecting alpha_dev@rm-2ze2433x22ce09k6f.mysql.rds.aliyuncs.com:3306/icourt_live_dev
2019-08-25 12:02:33,650 INFO 43445 [egg-static] starting static serve /public/ -> /Users/icourt/Documents/project/fuko/fake_meid_recognition_node/app/public
2019-08-25 12:02:33,652 INFO 43445 [egg-security] use csrf middleware
2019-08-25 12:02:33,653 INFO 43445 [egg-security] use methodnoallow middleware
2019-08-25 12:02:33,654 INFO 43445 [egg-security] use noopen middleware
2019-08-25 12:02:33,655 INFO 43445 [egg-security] use nosniff middleware
2019-08-25 12:02:33,655 INFO 43445 [egg-security] use xssProtection middleware
2019-08-25 12:02:33,656 INFO 43445 [egg-security] use xframe middleware
2019-08-25 12:02:33,657 INFO 43445 [egg-security] use dta middleware
2019-08-25 12:02:33,657 INFO 43445 [egg-security] compose 7 middlewares into one security middleware
2019-08-25 12:02:33,668 INFO 43445 [egg:core] dump config after load, 5ms
2019-08-25 12:02:33,686 INFO 43445 [egg-watcher:application] watcher start success
2019-08-25 12:02:33,742 INFO 43445 [egg-mysql] instance[0] status OK, rds currentTime: Sun Aug 25 2019 12:02:33 GMT+0800 (GMT+08:00)
2019-08-25 12:02:33,752 INFO 43445 [egg:core] dump config after ready, 4ms
2019-08-25 12:02:55,179 INFO 43446 [egg:logger] init all loggers with options: {"dir":"/Users/icourt/Documents/project/fuko/fake_meid_recognition_node/logs/init","encoding":"utf8","env":"local","level":"INFO","consoleLevel":"INFO","disableConsoleAfterReady":false,"outputJSON":false,"buffer":true,"appLogName":"init-web.log","coreLogName":"egg-web.log","agentLogName":"egg-agent.log","errorLogName":"common-error.log","coreLogger":{"consoleLevel":"WARN"},"allowDebugAtProd":false,"type":"application"}
2019-08-25 12:02:55,207 INFO 43446 [egg-multipart] stream mode enable
2019-08-25 12:02:55,207 INFO 43446 [egg-mysql] connecting alpha_dev@rm-2ze2433x22ce09k6f.mysql.rds.aliyuncs.com:3306/icourt_live_dev
2019-08-25 12:02:55,266 INFO 43446 [egg-static] starting static serve /public/ -> /Users/icourt/Documents/project/fuko/fake_meid_recognition_node/app/public
2019-08-25 12:02:55,268 INFO 43446 [egg-security] use csrf middleware
2019-08-25 12:02:55,268 INFO 43446 [egg-security] use methodnoallow middleware
2019-08-25 12:02:55,269 INFO 43446 [egg-security] use noopen middleware
2019-08-25 12:02:55,269 INFO 43446 [egg-security] use nosniff middleware
2019-08-25 12:02:55,269 INFO 43446 [egg-security] use xssProtection middleware
2019-08-25 12:02:55,270 INFO 43446 [egg-security] use xframe middleware
2019-08-25 12:02:55,270 INFO 43446 [egg-security] use dta middleware
2019-08-25 12:02:55,270 INFO 43446 [egg-security] compose 7 middlewares into one security middleware
2019-08-25 12:02:55,277 INFO 43446 [egg:core] dump config after load, 4ms
2019-08-25 12:02:55,293 INFO 43446 [egg-watcher:application] watcher start success
2019-08-25 12:02:55,363 INFO 43446 [egg-mysql] instance[0] status OK, rds currentTime: Sun Aug 25 2019 12:02:55 GMT+0800 (GMT+08:00)
2019-08-25 12:02:55,370 INFO 43446 [egg:core] dump config after ready, 4ms
2019-08-25 12:04:30,983 INFO 43466 [egg:logger] init all loggers with options: {"dir":"/Users/icourt/Documents/project/fuko/fake_meid_recognition_node/logs/init","encoding":"utf8","env":"local","level":"INFO","consoleLevel":"INFO","disableConsoleAfterReady":false,"outputJSON":false,"buffer":true,"appLogName":"init-web.log","coreLogName":"egg-web.log","agentLogName":"egg-agent.log","errorLogName":"common-error.log","coreLogger":{"consoleLevel":"WARN"},"allowDebugAtProd":false,"type":"application"}
2019-08-25 12:04:31,023 INFO 43466 [egg-multipart] stream mode enable
2019-08-25 12:04:31,024 INFO 43466 [egg-mysql] connecting alpha_dev@rm-2ze2433x22ce09k6f.mysql.rds.aliyuncs.com:3306/icourt_live_dev
2019-08-25 12:04:31,169 INFO 43466 [egg-static] starting static serve /public/ -> /Users/icourt/Documents/project/fuko/fake_meid_recognition_node/app/public
2019-08-25 12:04:31,171 INFO 43466 [egg-security] use csrf middleware
2019-08-25 12:04:31,173 INFO 43466 [egg-security] use methodnoallow middleware
2019-08-25 12:04:31,173 INFO 43466 [egg-security] use noopen middleware
2019-08-25 12:04:31,174 INFO 43466 [egg-security] use nosniff middleware
2019-08-25 12:04:31,175 INFO 43466 [egg-security] use xssProtection middleware
2019-08-25 12:04:31,176 INFO 43466 [egg-security] use xframe middleware
2019-08-25 12:04:31,176 INFO 43466 [egg-security] use dta middleware
2019-08-25 12:04:31,176 INFO 43466 [egg-security] compose 7 middlewares into one security middleware
2019-08-25 12:04:31,187 INFO 43466 [egg:core] dump config after load, 6ms
2019-08-25 12:04:31,208 INFO 43466 [egg-watcher:application] watcher start success
2019-08-25 12:04:31,278 INFO 43466 [egg-mysql] instance[0] status OK, rds currentTime: Sun Aug 25 2019 12:04:31 GMT+0800 (GMT+08:00)
2019-08-25 12:04:31,284 INFO 43466 [egg:core] dump config after ready, 3ms
2019-08-25 12:05:28,092 INFO 43486 [egg:logger] init all loggers with options: {"dir":"/Users/icourt/Documents/project/fuko/fake_meid_recognition_node/logs/init","encoding":"utf8","env":"local","level":"INFO","consoleLevel":"INFO","disableConsoleAfterReady":false,"outputJSON":false,"buffer":true,"appLogName":"init-web.log","coreLogName":"egg-web.log","agentLogName":"egg-agent.log","errorLogName":"common-error.log","coreLogger":{"consoleLevel":"WARN"},"allowDebugAtProd":false,"type":"application"}
2019-08-25 12:05:28,124 INFO 43486 [egg-multipart] stream mode enable
2019-08-25 12:05:28,125 INFO 43486 [egg-mysql] connecting alpha_dev@rm-2ze2433x22ce09k6f.mysql.rds.aliyuncs.com:3306/icourt_live_dev
2019-08-25 12:05:28,271 INFO 43486 [egg-static] starting static serve /public/ -> /Users/icourt/Documents/project/fuko/fake_meid_recognition_node/app/public
2019-08-25 12:05:28,273 INFO 43486 [egg-security] use csrf middleware
2019-08-25 12:05:28,275 INFO 43486 [egg-security] use methodnoallow middleware
2019-08-25 12:05:28,275 INFO 43486 [egg-security] use noopen middleware
2019-08-25 12:05:28,276 INFO 43486 [egg-security] use nosniff middleware
2019-08-25 12:05:28,276 INFO 43486 [egg-security] use xssProtection middleware
2019-08-25 12:05:28,277 INFO 43486 [egg-security] use xframe middleware
2019-08-25 12:05:28,277 INFO 43486 [egg-security] use dta middleware
2019-08-25 12:05:28,277 INFO 43486 [egg-security] compose 7 middlewares into one security middleware
2019-08-25 12:05:28,290 INFO 43486 [egg:core] dump config after load, 8ms
2019-08-25 12:05:28,309 INFO 43486 [egg-watcher:application] watcher start success
2019-08-25 12:05:28,358 INFO 43486 [egg-mysql] instance[0] status OK, rds currentTime: Sun Aug 25 2019 12:05:28 GMT+0800 (GMT+08:00)
2019-08-25 12:05:28,364 INFO 43486 [egg:core] dump config after ready, 3ms
2019-08-25 12:05:46,513 INFO 43489 [egg:logger] init all loggers with options: {"dir":"/Users/icourt/Documents/project/fuko/fake_meid_recognition_node/logs/init","encoding":"utf8","env":"local","level":"INFO","consoleLevel":"INFO","disableConsoleAfterReady":false,"outputJSON":false,"buffer":true,"appLogName":"init-web.log","coreLogName":"egg-web.log","agentLogName":"egg-agent.log","errorLogName":"common-error.log","coreLogger":{"consoleLevel":"WARN"},"allowDebugAtProd":false,"type":"application"}
2019-08-25 12:05:46,547 INFO 43489 [egg-multipart] stream mode enable
2019-08-25 12:05:46,547 INFO 43489 [egg-mysql] connecting alpha_dev@rm-2ze2433x22ce09k6f.mysql.rds.aliyuncs.com:3306/icourt_live_dev
2019-08-25 12:05:46,731 INFO 43489 [egg-static] starting static serve /public/ -> /Users/icourt/Documents/project/fuko/fake_meid_recognition_node/app/public
2019-08-25 12:05:46,734 INFO 43489 [egg-security] use csrf middleware
2019-08-25 12:05:46,735 INFO 43489 [egg-security] use methodnoallow middleware
2019-08-25 12:05:46,736 INFO 43489 [egg-security] use noopen middleware
2019-08-25 12:05:46,737 INFO 43489 [egg-security] use nosniff middleware
2019-08-25 12:05:46,737 INFO 43489 [egg-security] use xssProtection middleware
2019-08-25 12:05:46,738 INFO 43489 [egg-security] use xframe middleware
2019-08-25 12:05:46,739 INFO 43489 [egg-security] use dta middleware
2019-08-25 12:05:46,739 INFO 43489 [egg-security] compose 7 middlewares into one security middleware
2019-08-25 12:05:46,750 INFO 43489 [egg:core] dump config after load, 5ms
2019-08-25 12:05:46,769 INFO 43489 [egg-watcher:application] watcher start success
2019-08-25 12:05:46,834 INFO 43489 [egg-mysql] instance[0] status OK, rds currentTime: Sun Aug 25 2019 12:05:46 GMT+0800 (GMT+08:00)
2019-08-25 12:05:46,841 INFO 43489 [egg:core] dump config after ready, 5ms
2019-08-25 12:05:59,976 INFO 43492 [egg:logger] init all loggers with options: {"dir":"/Users/icourt/Documents/project/fuko/fake_meid_recognition_node/logs/init","encoding":"utf8","env":"local","level":"INFO","consoleLevel":"INFO","disableConsoleAfterReady":false,"outputJSON":false,"buffer":true,"appLogName":"init-web.log","coreLogName":"egg-web.log","agentLogName":"egg-agent.log","errorLogName":"common-error.log","coreLogger":{"consoleLevel":"WARN"},"allowDebugAtProd":false,"type":"application"}
2019-08-25 12:06:00,012 INFO 43492 [egg-multipart] stream mode enable
2019-08-25 12:06:00,013 INFO 43492 [egg-mysql] connecting alpha_dev@rm-2ze2433x22ce09k6f.mysql.rds.aliyuncs.com:3306/icourt_live_dev
2019-08-25 12:06:00,172 INFO 43492 [egg-static] starting static serve /public/ -> /Users/icourt/Documents/project/fuko/fake_meid_recognition_node/app/public
2019-08-25 12:06:00,175 INFO 43492 [egg-security] use csrf middleware
2019-08-25 12:06:00,176 INFO 43492 [egg-security] use methodnoallow middleware
2019-08-25 12:06:00,177 INFO 43492 [egg-security] use noopen middleware
2019-08-25 12:06:00,178 INFO 43492 [egg-security] use nosniff middleware
2019-08-25 12:06:00,179 INFO 43492 [egg-security] use xssProtection middleware
2019-08-25 12:06:00,180 INFO 43492 [egg-security] use xframe middleware
2019-08-25 12:06:00,181 INFO 43492 [egg-security] use dta middleware
2019-08-25 12:06:00,181 INFO 43492 [egg-security] compose 7 middlewares into one security middleware
2019-08-25 12:06:00,192 INFO 43492 [egg:core] dump config after load, 5ms
2019-08-25 12:06:00,215 INFO 43492 [egg-watcher:application] watcher start success
2019-08-25 12:06:00,281 INFO 43492 [egg-mysql] instance[0] status OK, rds currentTime: Sun Aug 25 2019 12:06:00 GMT+0800 (GMT+08:00)
2019-08-25 12:06:00,288 INFO 43492 [egg:core] dump config after ready, 3ms
2019-08-25 12:07:00,053 INFO 43502 [egg:logger] init all loggers with options: {"dir":"/Users/icourt/Documents/project/fuko/fake_meid_recognition_node/logs/init","encoding":"utf8","env":"local","level":"INFO","consoleLevel":"INFO","disableConsoleAfterReady":false,"outputJSON":false,"buffer":true,"appLogName":"init-web.log","coreLogName":"egg-web.log","agentLogName":"egg-agent.log","errorLogName":"common-error.log","coreLogger":{"consoleLevel":"WARN"},"allowDebugAtProd":false,"type":"application"}
2019-08-25 12:07:00,078 INFO 43502 [egg-multipart] stream mode enable
2019-08-25 12:07:00,079 INFO 43502 [egg-mysql] connecting alpha_dev@rm-2ze2433x22ce09k6f.mysql.rds.aliyuncs.com:3306/icourt_live_dev
2019-08-25 12:07:00,190 INFO 43502 [egg-static] starting static serve /public/ -> /Users/icourt/Documents/project/fuko/fake_meid_recognition_node/app/public
2019-08-25 12:07:00,193 INFO 43502 [egg-security] use csrf middleware
2019-08-25 12:07:00,194 INFO 43502 [egg-security] use methodnoallow middleware
2019-08-25 12:07:00,194 INFO 43502 [egg-security] use noopen middleware
2019-08-25 12:07:00,196 INFO 43502 [egg-security] use nosniff middleware
2019-08-25 12:07:00,197 INFO 43502 [egg-security] use xssProtection middleware
2019-08-25 12:07:00,197 INFO 43502 [egg-security] use xframe middleware
2019-08-25 12:07:00,198 INFO 43502 [egg-security] use dta middleware
2019-08-25 12:07:00,198 INFO 43502 [egg-security] compose 7 middlewares into one security middleware
2019-08-25 12:07:00,211 INFO 43502 [egg:core] dump config after load, 7ms
2019-08-25 12:07:00,229 INFO 43502 [egg-watcher:application] watcher start success
2019-08-25 12:07:00,316 INFO 43502 [egg-mysql] instance[0] status OK, rds currentTime: Sun Aug 25 2019 12:07:00 GMT+0800 (GMT+08:00)
2019-08-25 12:07:00,328 INFO 43502 [egg:core] dump config after ready, 5ms
2019-08-25 12:07:07,446 INFO 43508 [egg:logger] init all loggers with options: {"dir":"/Users/icourt/Documents/project/fuko/fake_meid_recognition_node/logs/init","encoding":"utf8","env":"local","level":"INFO","consoleLevel":"INFO","disableConsoleAfterReady":false,"outputJSON":false,"buffer":true,"appLogName":"init-web.log","coreLogName":"egg-web.log","agentLogName":"egg-agent.log","errorLogName":"common-error.log","coreLogger":{"consoleLevel":"WARN"},"allowDebugAtProd":false,"type":"application"}
2019-08-25 12:07:07,476 INFO 43508 [egg-multipart] stream mode enable
2019-08-25 12:07:07,476 INFO 43508 [egg-mysql] connecting alpha_dev@rm-2ze2433x22ce09k6f.mysql.rds.aliyuncs.com:3306/icourt_live_dev
2019-08-25 12:07:07,594 INFO 43508 [egg-static] starting static serve /public/ -> /Users/icourt/Documents/project/fuko/fake_meid_recognition_node/app/public
2019-08-25 12:07:07,597 INFO 43508 [egg-security] use csrf middleware
2019-08-25 12:07:07,598 INFO 43508 [egg-security] use methodnoallow middleware
2019-08-25 12:07:07,599 INFO 43508 [egg-security] use noopen middleware
2019-08-25 12:07:07,600 INFO 43508 [egg-security] use nosniff middleware
2019-08-25 12:07:07,601 INFO 43508 [egg-security] use xssProtection middleware
2019-08-25 12:07:07,602 INFO 43508 [egg-security] use xframe middleware
2019-08-25 12:07:07,603 INFO 43508 [egg-security] use dta middleware
2019-08-25 12:07:07,603 INFO 43508 [egg-security] compose 7 middlewares into one security middleware
2019-08-25 12:07:07,617 INFO 43508 [egg:core] dump config after load, 8ms
2019-08-25 12:07:07,637 INFO 43508 [egg-watcher:application] watcher start success
2019-08-25 12:07:07,683 INFO 43508 [egg-mysql] instance[0] status OK, rds currentTime: Sun Aug 25 2019 12:07:07 GMT+0800 (GMT+08:00)
2019-08-25 12:07:07,691 INFO 43508 [egg:core] dump config after ready, 5ms
2019-08-25 12:08:50,503 INFO 43519 [egg:logger] init all loggers with options: {"dir":"/Users/icourt/Documents/project/fuko/fake_meid_recognition_node/logs/init","encoding":"utf8","env":"local","level":"INFO","consoleLevel":"INFO","disableConsoleAfterReady":false,"outputJSON":false,"buffer":true,"appLogName":"init-web.log","coreLogName":"egg-web.log","agentLogName":"egg-agent.log","errorLogName":"common-error.log","coreLogger":{"consoleLevel":"WARN"},"allowDebugAtProd":false,"type":"application"}
2019-08-25 12:08:50,537 INFO 43519 [egg-multipart] stream mode enable
2019-08-25 12:08:50,538 INFO 43519 [egg-mysql] connecting alpha_dev@rm-2ze2433x22ce09k6f.mysql.rds.aliyuncs.com:3306/icourt_live_dev
2019-08-25 12:08:50,697 INFO 43519 [egg-static] starting static serve /public/ -> /Users/icourt/Documents/project/fuko/fake_meid_recognition_node/app/public
2019-08-25 12:08:50,700 INFO 43519 [egg-security] use csrf middleware
2019-08-25 12:08:50,701 INFO 43519 [egg-security] use methodnoallow middleware
2019-08-25 12:08:50,702 INFO 43519 [egg-security] use noopen middleware
2019-08-25 12:08:50,703 INFO 43519 [egg-security] use nosniff middleware
2019-08-25 12:08:50,704 INFO 43519 [egg-security] use xssProtection middleware
2019-08-25 12:08:50,704 INFO 43519 [egg-security] use xframe middleware
2019-08-25 12:08:50,705 INFO 43519 [egg-security] use dta middleware
2019-08-25 12:08:50,705 INFO 43519 [egg-security] compose 7 middlewares into one security middleware
2019-08-25 12:08:50,717 INFO 43519 [egg:core] dump config after load, 7ms
2019-08-25 12:08:50,737 INFO 43519 [egg-watcher:application] watcher start success
2019-08-25 12:08:50,828 INFO 43519 [egg-mysql] instance[0] status OK, rds currentTime: Sun Aug 25 2019 12:08:50 GMT+0800 (GMT+08:00)
2019-08-25 12:08:50,835 INFO 43519 [egg:core] dump config after ready, 5ms
2019-08-25 12:09:01,160 INFO 43527 [egg:logger] init all loggers with options: {"dir":"/Users/icourt/Documents/project/fuko/fake_meid_recognition_node/logs/init","encoding":"utf8","env":"local","level":"INFO","consoleLevel":"INFO","disableConsoleAfterReady":false,"outputJSON":false,"buffer":true,"appLogName":"init-web.log","coreLogName":"egg-web.log","agentLogName":"egg-agent.log","errorLogName":"common-error.log","coreLogger":{"consoleLevel":"WARN"},"allowDebugAtProd":false,"type":"application"}
2019-08-25 12:09:01,183 INFO 43527 [egg-multipart] stream mode enable
2019-08-25 12:09:01,183 INFO 43527 [egg-mysql] connecting alpha_dev@rm-2ze2433x22ce09k6f.mysql.rds.aliyuncs.com:3306/icourt_live_dev
2019-08-25 12:09:01,242 INFO 43527 [egg-static] starting static serve /public/ -> /Users/icourt/Documents/project/fuko/fake_meid_recognition_node/app/public
2019-08-25 12:09:01,244 INFO 43527 [egg-security] use csrf middleware
2019-08-25 12:09:01,244 INFO 43527 [egg-security] use methodnoallow middleware
2019-08-25 12:09:01,244 INFO 43527 [egg-security] use noopen middleware
2019-08-25 12:09:01,245 INFO 43527 [egg-security] use nosniff middleware
2019-08-25 12:09:01,245 INFO 43527 [egg-security] use xssProtection middleware
2019-08-25 12:09:01,245 INFO 43527 [egg-security] use xframe middleware
2019-08-25 12:09:01,246 INFO 43527 [egg-security] use dta middleware
2019-08-25 12:09:01,246 INFO 43527 [egg-security] compose 7 middlewares into one security middleware
2019-08-25 12:09:01,257 INFO 43527 [egg:core] dump config after load, 7ms
2019-08-25 12:09:01,279 INFO 43527 [egg-watcher:application] watcher start success
2019-08-25 12:09:01,311 INFO 43527 [egg-mysql] instance[0] status OK, rds currentTime: Sun Aug 25 2019 12:09:01 GMT+0800 (GMT+08:00)
2019-08-25 12:09:01,318 INFO 43527 [egg:core] dump config after ready, 5ms
2019-08-25 12:09:11,076 INFO 43533 [egg:logger] init all loggers with options: {"dir":"/Users/icourt/Documents/project/fuko/fake_meid_recognition_node/logs/init","encoding":"utf8","env":"local","level":"INFO","consoleLevel":"INFO","disableConsoleAfterReady":false,"outputJSON":false,"buffer":true,"appLogName":"init-web.log","coreLogName":"egg-web.log","agentLogName":"egg-agent.log","errorLogName":"common-error.log","coreLogger":{"consoleLevel":"WARN"},"allowDebugAtProd":false,"type":"application"}
2019-08-25 12:09:11,100 INFO 43533 [egg-multipart] stream mode enable
2019-08-25 12:09:11,100 INFO 43533 [egg-mysql] connecting alpha_dev@rm-2ze2433x22ce09k6f.mysql.rds.aliyuncs.com:3306/icourt_live_dev
2019-08-25 12:09:11,174 INFO 43533 [egg-static] starting static serve /public/ -> /Users/icourt/Documents/project/fuko/fake_meid_recognition_node/app/public
2019-08-25 12:09:11,176 INFO 43533 [egg-security] use csrf middleware
2019-08-25 12:09:11,176 INFO 43533 [egg-security] use methodnoallow middleware
2019-08-25 12:09:11,176 INFO 43533 [egg-security] use noopen middleware
2019-08-25 12:09:11,177 INFO 43533 [egg-security] use nosniff middleware
2019-08-25 12:09:11,177 INFO 43533 [egg-security] use xssProtection middleware
2019-08-25 12:09:11,177 INFO 43533 [egg-security] use xframe middleware
2019-08-25 12:09:11,178 INFO 43533 [egg-security] use dta middleware
2019-08-25 12:09:11,178 INFO 43533 [egg-security] compose 7 middlewares into one security middleware
2019-08-25 12:09:11,187 INFO 43533 [egg:core] dump config after load, 7ms
2019-08-25 12:09:11,201 INFO 43533 [egg-watcher:application] watcher start success
2019-08-25 12:09:11,266 INFO 43533 [egg-mysql] instance[0] status OK, rds currentTime: Sun Aug 25 2019 12:09:11 GMT+0800 (GMT+08:00)
2019-08-25 12:09:11,272 INFO 43533 [egg:core] dump config after ready, 4ms
2019-08-25 12:10:02,003 INFO 43598 [egg:logger] init all loggers with options: {"dir":"/Users/icourt/Documents/project/fuko/fake_meid_recognition_node/logs/init","encoding":"utf8","env":"local","level":"INFO","consoleLevel":"INFO","disableConsoleAfterReady":false,"outputJSON":false,"buffer":true,"appLogName":"init-web.log","coreLogName":"egg-web.log","agentLogName":"egg-agent.log","errorLogName":"common-error.log","coreLogger":{"consoleLevel":"WARN"},"allowDebugAtProd":false,"type":"application"}
2019-08-25 12:10:02,028 INFO 43598 [egg-multipart] stream mode enable
2019-08-25 12:10:02,029 INFO 43598 [egg-mysql] connecting alpha_dev@rm-2ze2433x22ce09k6f.mysql.rds.aliyuncs.com:3306/icourt_live_dev
2019-08-25 12:10:02,088 INFO 43598 [egg-static] starting static serve /public/ -> /Users/icourt/Documents/project/fuko/fake_meid_recognition_node/app/public
2019-08-25 12:10:02,090 INFO 43598 [egg-security] use csrf middleware
2019-08-25 12:10:02,091 INFO 43598 [egg-security] use methodnoallow middleware
2019-08-25 12:10:02,091 INFO 43598 [egg-security] use noopen middleware
2019-08-25 12:10:02,091 INFO 43598 [egg-security] use nosniff middleware
2019-08-25 12:10:02,091 INFO 43598 [egg-security] use xssProtection middleware
2019-08-25 12:10:02,092 INFO 43598 [egg-security] use xframe middleware
2019-08-25 12:10:02,094 INFO 43598 [egg-security] use dta middleware
2019-08-25 12:10:02,094 INFO 43598 [egg-security] compose 7 middlewares into one security middleware
2019-08-25 12:10:02,110 INFO 43598 [egg:core] dump config after load, 6ms
2019-08-25 12:10:02,128 INFO 43598 [egg-watcher:application] watcher start success
2019-08-25 12:10:02,194 INFO 43598 [egg-mysql] instance[0] status OK, rds currentTime: Sun Aug 25 2019 12:10:02 GMT+0800 (GMT+08:00)
2019-08-25 12:10:02,205 INFO 43598 [egg:core] dump config after ready, 7ms
2019-08-25 12:10:12,199 INFO 43604 [egg:logger] init all loggers with options: {"dir":"/Users/icourt/Documents/project/fuko/fake_meid_recognition_node/logs/init","encoding":"utf8","env":"local","level":"INFO","consoleLevel":"INFO","disableConsoleAfterReady":false,"outputJSON":false,"buffer":true,"appLogName":"init-web.log","coreLogName":"egg-web.log","agentLogName":"egg-agent.log","errorLogName":"common-error.log","coreLogger":{"consoleLevel":"WARN"},"allowDebugAtProd":false,"type":"application"}
2019-08-25 12:10:12,222 INFO 43604 [egg-multipart] stream mode enable
2019-08-25 12:10:12,223 INFO 43604 [egg-mysql] connecting alpha_dev@rm-2ze2433x22ce09k6f.mysql.rds.aliyuncs.com:3306/icourt_live_dev
2019-08-25 12:10:12,284 INFO 43604 [egg-static] starting static serve /public/ -> /Users/icourt/Documents/project/fuko/fake_meid_recognition_node/app/public
2019-08-25 12:10:12,285 INFO 43604 [egg-security] use csrf middleware
2019-08-25 12:10:12,286 INFO 43604 [egg-security] use methodnoallow middleware
2019-08-25 12:10:12,286 INFO 43604 [egg-security] use noopen middleware
2019-08-25 12:10:12,286 INFO 43604 [egg-security] use nosniff middleware
2019-08-25 12:10:12,287 INFO 43604 [egg-security] use xssProtection middleware
2019-08-25 12:10:12,289 INFO 43604 [egg-security] use xframe middleware
2019-08-25 12:10:12,289 INFO 43604 [egg-security] use dta middleware
2019-08-25 12:10:12,289 INFO 43604 [egg-security] compose 7 middlewares into one security middleware
2019-08-25 12:10:12,302 INFO 43604 [egg:core] dump config after load, 8ms
2019-08-25 12:10:12,323 INFO 43604 [egg-watcher:application] watcher start success
2019-08-25 12:10:12,422 INFO 43604 [egg-mysql] instance[0] status OK, rds currentTime: Sun Aug 25 2019 12:10:12 GMT+0800 (GMT+08:00)
2019-08-25 12:10:12,432 INFO 43604 [egg:core] dump config after ready, 7ms
2019-08-25 16:34:59,157 INFO 45416 [egg:logger] init all loggers with options: {"dir":"/Users/icourt/Documents/project/fuko/fake_meid_recognition_node/logs/init","encoding":"utf8","env":"local","level":"INFO","consoleLevel":"INFO","disableConsoleAfterReady":false,"outputJSON":false,"buffer":true,"appLogName":"init-web.log","coreLogName":"egg-web.log","agentLogName":"egg-agent.log","errorLogName":"common-error.log","coreLogger":{"consoleLevel":"WARN"},"allowDebugAtProd":false,"type":"application"}
2019-08-25 16:34:59,186 INFO 45416 [egg-multipart] stream mode enable
2019-08-25 16:34:59,186 INFO 45416 [egg-mysql] connecting gpadmin@18.219.143.244:3306/recognition
2019-08-25 16:34:59,339 INFO 45416 [egg-static] starting static serve /public/ -> /Users/icourt/Documents/project/fuko/fake_meid_recognition_node/app/public
2019-08-25 16:34:59,342 INFO 45416 [egg-security] use csrf middleware
2019-08-25 16:34:59,343 INFO 45416 [egg-security] use methodnoallow middleware
2019-08-25 16:34:59,344 INFO 45416 [egg-security] use noopen middleware
2019-08-25 16:34:59,345 INFO 45416 [egg-security] use nosniff middleware
2019-08-25 16:34:59,345 INFO 45416 [egg-security] use xssProtection middleware
2019-08-25 16:34:59,346 INFO 45416 [egg-security] use xframe middleware
2019-08-25 16:34:59,346 INFO 45416 [egg-security] use dta middleware
2019-08-25 16:34:59,347 INFO 45416 [egg-security] compose 7 middlewares into one security middleware
2019-08-25 16:34:59,368 INFO 45416 [egg:core] dump config after load, 7ms
2019-08-25 16:34:59,392 INFO 45416 [egg-watcher:application] watcher start success
2019-08-25 16:35:00,660 INFO 45416 [egg-mysql] instance[0] status OK, rds currentTime: Sun Aug 25 2019 08:35:00 GMT+0800 (GMT+08:00)
2019-08-25 16:35:00,665 INFO 45416 [egg:core] dump config after ready, 4ms
2019-08-25 16:35:01,681 INFO 45422 [egg:logger] init all loggers with options: {"dir":"/Users/icourt/Documents/project/fuko/fake_meid_recognition_node/logs/init","encoding":"utf8","env":"local","level":"INFO","consoleLevel":"INFO","disableConsoleAfterReady":false,"outputJSON":false,"buffer":true,"appLogName":"init-web.log","coreLogName":"egg-web.log","agentLogName":"egg-agent.log","errorLogName":"common-error.log","coreLogger":{"consoleLevel":"WARN"},"allowDebugAtProd":false,"type":"application"}
2019-08-25 16:35:01,709 INFO 45422 [egg-multipart] stream mode enable
2019-08-25 16:35:01,709 INFO 45422 [egg-mysql] connecting gpadmin@18.219.143.244:3306/recognition
2019-08-25 16:35:01,783 INFO 45422 [egg-static] starting static serve /public/ -> /Users/icourt/Documents/project/fuko/fake_meid_recognition_node/app/public
2019-08-25 16:35:01,786 INFO 45422 [egg-security] use csrf middleware
2019-08-25 16:35:01,787 INFO 45422 [egg-security] use methodnoallow middleware
2019-08-25 16:35:01,787 INFO 45422 [egg-security] use noopen middleware
2019-08-25 16:35:01,788 INFO 45422 [egg-security] use nosniff middleware
2019-08-25 16:35:01,788 INFO 45422 [egg-security] use xssProtection middleware
2019-08-25 16:35:01,792 INFO 45422 [egg-security] use xframe middleware
2019-08-25 16:35:01,792 INFO 45422 [egg-security] use dta middleware
2019-08-25 16:35:01,792 INFO 45422 [egg-security] compose 7 middlewares into one security middleware
2019-08-25 16:35:01,804 INFO 45422 [egg:core] dump config after load, 7ms
2019-08-25 16:35:01,826 INFO 45422 [egg-watcher:application] watcher start success
2019-08-25 16:35:02,878 INFO 45422 [egg-mysql] instance[0] status OK, rds currentTime: Sun Aug 25 2019 08:35:02 GMT+0800 (GMT+08:00)
2019-08-25 16:35:02,889 INFO 45422 [egg:core] dump config after ready, 5ms
2019-08-25 16:41:27,593 INFO 45484 [egg:logger] init all loggers with options: {"dir":"/Users/icourt/Documents/project/fuko/fake_meid_recognition_node/logs/init","encoding":"utf8","env":"local","level":"INFO","consoleLevel":"INFO","disableConsoleAfterReady":false,"outputJSON":false,"buffer":true,"appLogName":"init-web.log","coreLogName":"egg-web.log","agentLogName":"egg-agent.log","errorLogName":"common-error.log","coreLogger":{"consoleLevel":"WARN"},"allowDebugAtProd":false,"type":"application"}
2019-08-25 16:41:27,626 INFO 45484 [egg-multipart] stream mode enable
2019-08-25 16:41:27,627 INFO 45484 [egg-mysql] connecting gpadmin@18.219.143.244:3306/recognition
2019-08-25 16:41:27,806 INFO 45484 [egg-static] starting static serve /public/ -> /Users/icourt/Documents/project/fuko/fake_meid_recognition_node/app/public
2019-08-25 16:41:27,810 INFO 45484 [egg-security] use csrf middleware
2019-08-25 16:41:27,811 INFO 45484 [egg-security] use methodnoallow middleware
2019-08-25 16:41:27,812 INFO 45484 [egg-security] use noopen middleware
2019-08-25 16:41:27,813 INFO 45484 [egg-security] use nosniff middleware
2019-08-25 16:41:27,814 INFO 45484 [egg-security] use xssProtection middleware
2019-08-25 16:41:27,814 INFO 45484 [egg-security] use xframe middleware
2019-08-25 16:41:27,815 INFO 45484 [egg-security] use dta middleware
2019-08-25 16:41:27,815 INFO 45484 [egg-security] compose 7 middlewares into one security middleware
2019-08-25 16:41:27,845 INFO 45484 [egg:core] dump config after load, 14ms
2019-08-25 16:41:27,861 INFO 45484 [egg-watcher:application] watcher start success
2019-08-25 16:41:29,097 INFO 45484 [egg-mysql] instance[0] status OK, rds currentTime: Sun Aug 25 2019 08:41:28 GMT+0800 (GMT+08:00)
2019-08-25 16:41:29,104 INFO 45484 [egg:core] dump config after ready, 4ms
2019-08-25 16:41:31,686 INFO 45487 [egg:logger] init all loggers with options: {"dir":"/Users/icourt/Documents/project/fuko/fake_meid_recognition_node/logs/init","encoding":"utf8","env":"local","level":"INFO","consoleLevel":"INFO","disableConsoleAfterReady":false,"outputJSON":false,"buffer":true,"appLogName":"init-web.log","coreLogName":"egg-web.log","agentLogName":"egg-agent.log","errorLogName":"common-error.log","coreLogger":{"consoleLevel":"WARN"},"allowDebugAtProd":false,"type":"application"}
2019-08-25 16:41:31,744 INFO 45487 [egg-multipart] stream mode enable
2019-08-25 16:41:31,745 INFO 45487 [egg-mysql] connecting gpadmin@18.219.143.244:3306/recognition
2019-08-25 16:41:31,870 INFO 45487 [egg-static] starting static serve /public/ -> /Users/icourt/Documents/project/fuko/fake_meid_recognition_node/app/public
2019-08-25 16:41:31,872 INFO 45487 [egg-security] use csrf middleware
2019-08-25 16:41:31,872 INFO 45487 [egg-security] use methodnoallow middleware
2019-08-25 16:41:31,873 INFO 45487 [egg-security] use noopen middleware
2019-08-25 16:41:31,873 INFO 45487 [egg-security] use nosniff middleware
2019-08-25 16:41:31,873 INFO 45487 [egg-security] use xssProtection middleware
2019-08-25 16:41:31,876 INFO 45487 [egg-security] use xframe middleware
2019-08-25 16:41:31,876 INFO 45487 [egg-security] use dta middleware
2019-08-25 16:41:31,877 INFO 45487 [egg-security] compose 7 middlewares into one security middleware
2019-08-25 16:41:31,891 INFO 45487 [egg:core] dump config after load, 4ms
2019-08-25 16:41:31,907 INFO 45487 [egg-watcher:application] watcher start success
2019-08-25 16:41:33,264 INFO 45487 [egg-mysql] instance[0] status OK, rds currentTime: Sun Aug 25 2019 08:41:33 GMT+0800 (GMT+08:00)
2019-08-25 16:41:33,271 INFO 45487 [egg:core] dump config after ready, 4ms
2019-08-25 16:42:42,693 INFO 45511 [egg:logger] init all loggers with options: {"dir":"/Users/icourt/Documents/project/fuko/fake_meid_recognition_node/logs/init","encoding":"utf8","env":"local","level":"INFO","consoleLevel":"INFO","disableConsoleAfterReady":false,"outputJSON":false,"buffer":true,"appLogName":"init-web.log","coreLogName":"egg-web.log","agentLogName":"egg-agent.log","errorLogName":"common-error.log","coreLogger":{"consoleLevel":"WARN"},"allowDebugAtProd":false,"type":"application"}
2019-08-25 16:42:42,721 INFO 45511 [egg-multipart] stream mode enable
2019-08-25 16:42:42,722 INFO 45511 [egg-mysql] connecting gpadmin@18.219.143.244:3306/recognition
2019-08-25 16:42:42,792 INFO 45511 [egg-static] starting static serve /public/ -> /Users/icourt/Documents/project/fuko/fake_meid_recognition_node/app/public
2019-08-25 16:42:42,793 INFO 45511 [egg-security] use csrf middleware
2019-08-25 16:42:42,794 INFO 45511 [egg-security] use methodnoallow middleware
2019-08-25 16:42:42,794 INFO 45511 [egg-security] use noopen middleware
2019-08-25 16:42:42,794 INFO 45511 [egg-security] use nosniff middleware
2019-08-25 16:42:42,795 INFO 45511 [egg-security] use xssProtection middleware
2019-08-25 16:42:42,795 INFO 45511 [egg-security] use xframe middleware
2019-08-25 16:42:42,795 INFO 45511 [egg-security] use dta middleware
2019-08-25 16:42:42,795 INFO 45511 [egg-security] compose 7 middlewares into one security middleware
2019-08-25 16:42:42,809 INFO 45511 [egg:core] dump config after load, 8ms
2019-08-25 16:42:42,824 INFO 45511 [egg-watcher:application] watcher start success
2019-08-25 16:42:44,250 INFO 45511 [egg-mysql] instance[0] status OK, rds currentTime: Sun Aug 25 2019 08:42:44 GMT+0800 (GMT+08:00)
2019-08-25 16:42:44,258 INFO 45511 [egg:core] dump config after ready, 5ms
2019-08-25 16:44:58,029 INFO 45516 [egg:logger] init all loggers with options: {"dir":"/Users/icourt/Documents/project/fuko/fake_meid_recognition_node/logs/init","encoding":"utf8","env":"local","level":"INFO","consoleLevel":"INFO","disableConsoleAfterReady":false,"outputJSON":false,"buffer":true,"appLogName":"init-web.log","coreLogName":"egg-web.log","agentLogName":"egg-agent.log","errorLogName":"common-error.log","coreLogger":{"consoleLevel":"WARN"},"allowDebugAtProd":false,"type":"application"}
2019-08-25 16:44:58,064 INFO 45516 [egg-multipart] stream mode enable
2019-08-25 16:44:58,064 INFO 45516 [egg-mysql] connecting gpadmin@18.219.143.244:3306/recognition
2019-08-25 16:44:58,240 INFO 45516 [egg-static] starting static serve /public/ -> /Users/icourt/Documents/project/fuko/fake_meid_recognition_node/app/public
2019-08-25 16:44:58,243 INFO 45516 [egg-security] use csrf middleware
2019-08-25 16:44:58,244 INFO 45516 [egg-security] use methodnoallow middleware
2019-08-25 16:44:58,245 INFO 45516 [egg-security] use noopen middleware
2019-08-25 16:44:58,246 INFO 45516 [egg-security] use nosniff middleware
2019-08-25 16:44:58,247 INFO 45516 [egg-security] use xssProtection middleware
2019-08-25 16:44:58,247 INFO 45516 [egg-security] use xframe middleware
2019-08-25 16:44:58,249 INFO 45516 [egg-security] use dta middleware
2019-08-25 16:44:58,249 INFO 45516 [egg-security] compose 7 middlewares into one security middleware
2019-08-25 16:44:58,268 INFO 45516 [egg:core] dump config after load, 6ms
2019-08-25 16:44:58,287 INFO 45516 [egg-watcher:application] watcher start success
2019-08-25 16:44:59,610 INFO 45516 [egg-mysql] instance[0] status OK, rds currentTime: Sun Aug 25 2019 08:44:59 GMT+0800 (GMT+08:00)
2019-08-25 16:44:59,618 INFO 45516 [egg:core] dump config after ready, 6ms
2019-08-25 16:45:46,640 INFO 45519 [egg:logger] init all loggers with options: {"dir":"/Users/icourt/Documents/project/fuko/fake_meid_recognition_node/logs/init","encoding":"utf8","env":"local","level":"INFO","consoleLevel":"INFO","disableConsoleAfterReady":false,"outputJSON":false,"buffer":true,"appLogName":"init-web.log","coreLogName":"egg-web.log","agentLogName":"egg-agent.log","errorLogName":"common-error.log","coreLogger":{"consoleLevel":"WARN"},"allowDebugAtProd":false,"type":"application"}
2019-08-25 16:45:46,680 INFO 45519 [egg-multipart] stream mode enable
2019-08-25 16:45:46,680 INFO 45519 [egg-mysql] connecting gpadmin@18.219.143.244:3306/recognition
2019-08-25 16:45:46,876 INFO 45519 [egg-static] starting static serve /public/ -> /Users/icourt/Documents/project/fuko/fake_meid_recognition_node/app/public
2019-08-25 16:45:46,880 INFO 45519 [egg-security] use csrf middleware
2019-08-25 16:45:46,882 INFO 45519 [egg-security] use methodnoallow middleware
2019-08-25 16:45:46,883 INFO 45519 [egg-security] use noopen middleware
2019-08-25 16:45:46,884 INFO 45519 [egg-security] use nosniff middleware
2019-08-25 16:45:46,885 INFO 45519 [egg-security] use xssProtection middleware
2019-08-25 16:45:46,886 INFO 45519 [egg-security] use xframe middleware
2019-08-25 16:45:46,887 INFO 45519 [egg-security] use dta middleware
2019-08-25 16:45:46,887 INFO 45519 [egg-security] compose 7 middlewares into one security middleware
2019-08-25 16:45:46,916 INFO 45519 [egg:core] dump config after load, 10ms
2019-08-25 16:45:46,948 INFO 45519 [egg-watcher:application] watcher start success
2019-08-25 16:45:48,002 INFO 45519 [egg-mysql] instance[0] status OK, rds currentTime: Sun Aug 25 2019 08:45:47 GMT+0800 (GMT+08:00)
2019-08-25 16:45:48,008 INFO 45519 [egg:core] dump config after ready, 5ms
2019-08-25 16:46:04,338 INFO 45526 [egg:logger] init all loggers with options: {"dir":"/Users/icourt/Documents/project/fuko/fake_meid_recognition_node/logs/init","encoding":"utf8","env":"local","level":"INFO","consoleLevel":"INFO","disableConsoleAfterReady":false,"outputJSON":false,"buffer":true,"appLogName":"init-web.log","coreLogName":"egg-web.log","agentLogName":"egg-agent.log","errorLogName":"common-error.log","coreLogger":{"consoleLevel":"WARN"},"allowDebugAtProd":false,"type":"application"}
2019-08-25 16:46:04,370 INFO 45526 [egg-multipart] stream mode enable
2019-08-25 16:46:04,370 INFO 45526 [egg-mysql] connecting gpadmin@18.219.143.244:3306/recognition
2019-08-25 16:46:04,528 INFO 45526 [egg-static] starting static serve /public/ -> /Users/icourt/Documents/project/fuko/fake_meid_recognition_node/app/public
2019-08-25 16:46:04,531 INFO 45526 [egg-security] use csrf middleware
2019-08-25 16:46:04,533 INFO 45526 [egg-security] use methodnoallow middleware
2019-08-25 16:46:04,533 INFO 45526 [egg-security] use noopen middleware
2019-08-25 16:46:04,534 INFO 45526 [egg-security] use nosniff middleware
2019-08-25 16:46:04,535 INFO 45526 [egg-security] use xssProtection middleware
2019-08-25 16:46:04,536 INFO 45526 [egg-security] use xframe middleware
2019-08-25 16:46:04,537 INFO 45526 [egg-security] use dta middleware
2019-08-25 16:46:04,537 INFO 45526 [egg-security] compose 7 middlewares into one security middleware
2019-08-25 16:46:04,556 INFO 45526 [egg:core] dump config after load, 8ms
2019-08-25 16:46:04,586 INFO 45526 [egg-watcher:application] watcher start success
2019-08-25 16:46:05,759 INFO 45526 [egg-mysql] instance[0] status OK, rds currentTime: Sun Aug 25 2019 08:46:05 GMT+0800 (GMT+08:00)
2019-08-25 16:46:05,767 INFO 45526 [egg:core] dump config after ready, 5ms
2019-08-25 16:48:34,724 INFO 45538 [egg:logger] init all loggers with options: {"dir":"/Users/icourt/Documents/project/fuko/fake_meid_recognition_node/logs/init","encoding":"utf8","env":"local","level":"INFO","consoleLevel":"INFO","disableConsoleAfterReady":false,"outputJSON":false,"buffer":true,"appLogName":"init-web.log","coreLogName":"egg-web.log","agentLogName":"egg-agent.log","errorLogName":"common-error.log","coreLogger":{"consoleLevel":"WARN"},"allowDebugAtProd":false,"type":"application"}
2019-08-25 16:48:34,756 INFO 45538 [egg-multipart] stream mode enable
2019-08-25 16:48:34,756 INFO 45538 [egg-mysql] connecting gpadmin@18.219.143.244:3306/recognition
2019-08-25 16:48:34,933 INFO 45538 [egg-static] starting static serve /public/ -> /Users/icourt/Documents/project/fuko/fake_meid_recognition_node/app/public
2019-08-25 16:48:34,936 INFO 45538 [egg-security] use csrf middleware
2019-08-25 16:48:34,937 INFO 45538 [egg-security] use methodnoallow middleware
2019-08-25 16:48:34,939 INFO 45538 [egg-security] use noopen middleware
2019-08-25 16:48:34,940 INFO 45538 [egg-security] use nosniff middleware
2019-08-25 16:48:34,941 INFO 45538 [egg-security] use xssProtection middleware
2019-08-25 16:48:34,942 INFO 45538 [egg-security] use xframe middleware
2019-08-25 16:48:34,943 INFO 45538 [egg-security] use dta middleware
2019-08-25 16:48:34,943 INFO 45538 [egg-security] compose 7 middlewares into one security middleware
2019-08-25 16:48:34,972 INFO 45538 [egg:core] dump config after load, 12ms
2019-08-25 16:48:34,998 INFO 45538 [egg-watcher:application] watcher start success
2019-08-25 16:48:36,178 INFO 45538 [egg-mysql] instance[0] status OK, rds currentTime: Sun Aug 25 2019 08:48:35 GMT+0800 (GMT+08:00)
2019-08-25 16:48:36,185 INFO 45538 [egg:core] dump config after ready, 5ms
2019-08-25 16:49:42,458 INFO 45549 [egg:logger] init all loggers with options: {"dir":"/Users/icourt/Documents/project/fuko/fake_meid_recognition_node/logs/init","encoding":"utf8","env":"local","level":"INFO","consoleLevel":"INFO","disableConsoleAfterReady":false,"outputJSON":false,"buffer":true,"appLogName":"init-web.log","coreLogName":"egg-web.log","agentLogName":"egg-agent.log","errorLogName":"common-error.log","coreLogger":{"consoleLevel":"WARN"},"allowDebugAtProd":false,"type":"application"}
2019-08-25 16:49:42,521 INFO 45549 [egg-multipart] stream mode enable
2019-08-25 16:49:42,521 INFO 45549 [egg-mysql] connecting gpadmin@18.219.143.244:3306/recognition
2019-08-25 16:49:42,700 INFO 45549 [egg-static] starting static serve /public/ -> /Users/icourt/Documents/project/fuko/fake_meid_recognition_node/app/public
2019-08-25 16:49:42,703 INFO 45549 [egg-security] use csrf middleware
2019-08-25 16:49:42,704 INFO 45549 [egg-security] use methodnoallow middleware
2019-08-25 16:49:42,705 INFO 45549 [egg-security] use noopen middleware
2019-08-25 16:49:42,707 INFO 45549 [egg-security] use nosniff middleware
2019-08-25 16:49:42,708 INFO 45549 [egg-security] use xssProtection middleware
2019-08-25 16:49:42,709 INFO 45549 [egg-security] use xframe middleware
2019-08-25 16:49:42,710 INFO 45549 [egg-security] use dta middleware
2019-08-25 16:49:42,710 INFO 45549 [egg-security] compose 7 middlewares into one security middleware
2019-08-25 16:49:42,735 INFO 45549 [egg:core] dump config after load, 13ms
2019-08-25 16:49:42,767 INFO 45549 [egg-watcher:application] watcher start success
2019-08-25 16:49:43,912 INFO 45549 [egg-mysql] instance[0] status OK, rds currentTime: Sun Aug 25 2019 08:49:43 GMT+0800 (GMT+08:00)
2019-08-25 16:49:43,924 INFO 45549 [egg:core] dump config after ready, 9ms
2019-08-25 17:00:17,609 WARN 45549 [ClusterClient:Watcher] follower closed, and try to init it again
2019-08-25 17:02:19,700 INFO 46025 [egg:logger] init all loggers with options: {"dir":"/Users/icourt/Documents/project/fuko/fake_meid_recognition_node/logs/init","encoding":"utf8","env":"local","level":"INFO","consoleLevel":"INFO","disableConsoleAfterReady":false,"outputJSON":false,"buffer":true,"appLogName":"init-web.log","coreLogName":"egg-web.log","agentLogName":"egg-agent.log","errorLogName":"common-error.log","coreLogger":{"consoleLevel":"WARN"},"allowDebugAtProd":false,"type":"application"}
2019-08-25 17:02:19,733 INFO 46025 [egg-multipart] stream mode enable
2019-08-25 17:02:19,733 INFO 46025 [egg-mysql] connecting gpadmin@18.219.143.244:3306/app
2019-08-25 17:02:19,918 INFO 46025 [egg-static] starting static serve /public/ -> /Users/icourt/Documents/project/fuko/fake_meid_recognition_node/app/public
2019-08-25 17:02:19,922 INFO 46025 [egg-security] use csrf middleware
2019-08-25 17:02:19,924 INFO 46025 [egg-security] use methodnoallow middleware
2019-08-25 17:02:19,924 INFO 46025 [egg-security] use noopen middleware
2019-08-25 17:02:19,925 INFO 46025 [egg-security] use nosniff middleware
2019-08-25 17:02:19,926 INFO 46025 [egg-security] use xssProtection middleware
2019-08-25 17:02:19,927 INFO 46025 [egg-security] use xframe middleware
2019-08-25 17:02:19,928 INFO 46025 [egg-security] use dta middleware
2019-08-25 17:02:19,928 INFO 46025 [egg-security] compose 7 middlewares into one security middleware
2019-08-25 17:02:19,950 INFO 46025 [egg:core] dump config after load, 9ms
2019-08-25 17:02:19,979 INFO 46025 [egg-watcher:application] watcher start success
2019-08-25 17:02:21,229 INFO 46025 [egg-mysql] instance[0] status OK, rds currentTime: Sun Aug 25 2019 09:02:21 GMT+0800 (GMT+08:00)
2019-08-25 17:02:21,237 INFO 46025 [egg:core] dump config after ready, 6ms
2019-08-25 17:02:23,131 INFO 46029 [egg:logger] init all loggers with options: {"dir":"/Users/icourt/Documents/project/fuko/fake_meid_recognition_node/logs/init","encoding":"utf8","env":"local","level":"INFO","consoleLevel":"INFO","disableConsoleAfterReady":false,"outputJSON":false,"buffer":true,"appLogName":"init-web.log","coreLogName":"egg-web.log","agentLogName":"egg-agent.log","errorLogName":"common-error.log","coreLogger":{"consoleLevel":"WARN"},"allowDebugAtProd":false,"type":"application"}
2019-08-25 17:02:23,154 INFO 46029 [egg-multipart] stream mode enable
2019-08-25 17:02:23,155 INFO 46029 [egg-mysql] connecting gpadmin@18.219.143.244:3306/app
2019-08-25 17:02:23,214 INFO 46029 [egg-static] starting static serve /public/ -> /Users/icourt/Documents/project/fuko/fake_meid_recognition_node/app/public
2019-08-25 17:02:23,216 INFO 46029 [egg-security] use csrf middleware
2019-08-25 17:02:23,216 INFO 46029 [egg-security] use methodnoallow middleware
2019-08-25 17:02:23,216 INFO 46029 [egg-security] use noopen middleware
2019-08-25 17:02:23,217 INFO 46029 [egg-security] use nosniff middleware
2019-08-25 17:02:23,217 INFO 46029 [egg-security] use xssProtection middleware
2019-08-25 17:02:23,217 INFO 46029 [egg-security] use xframe middleware
2019-08-25 17:02:23,217 INFO 46029 [egg-security] use dta middleware
2019-08-25 17:02:23,217 INFO 46029 [egg-security] compose 7 middlewares into one security middleware
2019-08-25 17:02:23,236 INFO 46029 [egg:core] dump config after load, 12ms
2019-08-25 17:02:23,258 INFO 46029 [egg-watcher:application] watcher start success
2019-08-25 17:02:24,366 INFO 46029 [egg-mysql] instance[0] status OK, rds currentTime: Sun Aug 25 2019 09:02:24 GMT+0800 (GMT+08:00)
2019-08-25 17:02:24,373 INFO 46029 [egg:core] dump config after ready, 4ms
2019-08-25 22:00:41,190 WARN 46029 [ClusterClient:Watcher] follower closed, and try to init it again
2019-08-26 08:00:05,746 WARN 46029 [ClusterClient:Watcher] follower closed, and try to init it again
2019-08-26 08:50:42,196 WARN 46029 [TCPBase] socket is closed by other side while there were still unhandled data in the socket buffer
2019-08-26 08:50:42,196 WARN 46029 [ClusterClient:Watcher] follower closed, and try to init it again
2019-08-26 09:02:52,670 WARN 46029 [ClusterClient:Watcher] follower closed, and try to init it again
2019-08-26 09:13:35,299 INFO 48273 [egg:logger] init all loggers with options: {"dir":"/Users/icourt/Documents/project/fuko/fake_meid_recognition_node/logs/init","encoding":"utf8","env":"local","level":"INFO","consoleLevel":"INFO","disableConsoleAfterReady":false,"outputJSON":false,"buffer":true,"appLogName":"init-web.log","coreLogName":"egg-web.log","agentLogName":"egg-agent.log","errorLogName":"common-error.log","coreLogger":{"consoleLevel":"WARN"},"allowDebugAtProd":false,"type":"application"}
2019-08-26 09:13:35,331 INFO 48273 [egg-multipart] stream mode enable
2019-08-26 09:13:35,331 INFO 48273 [egg-mysql] connecting gpadmin@18.219.143.244:3306/app
2019-08-26 09:13:35,508 INFO 48273 [egg-static] starting static serve /public/ -> /Users/icourt/Documents/project/fuko/fake_meid_recognition_node/app/public
2019-08-26 09:13:35,510 INFO 48273 [egg-security] use csrf middleware
2019-08-26 09:13:35,512 INFO 48273 [egg-security] use methodnoallow middleware
2019-08-26 09:13:35,513 INFO 48273 [egg-security] use noopen middleware
2019-08-26 09:13:35,514 INFO 48273 [egg-security] use nosniff middleware
2019-08-26 09:13:35,515 INFO 48273 [egg-security] use xssProtection middleware
2019-08-26 09:13:35,516 INFO 48273 [egg-security] use xframe middleware
2019-08-26 09:13:35,517 INFO 48273 [egg-security] use dta middleware
2019-08-26 09:13:35,517 INFO 48273 [egg-security] compose 7 middlewares into one security middleware
2019-08-26 09:13:35,541 INFO 48273 [egg:core] dump config after load, 10ms
2019-08-26 09:13:35,559 INFO 48273 [egg-watcher:application] watcher start success
2019-08-26 09:13:37,249 INFO 48273 [egg-mysql] instance[0] status OK, rds currentTime: Mon Aug 26 2019 01:13:37 GMT+0800 (GMT+08:00)
2019-08-26 09:13:37,258 INFO 48273 [egg:core] dump config after ready, 5ms
